TN:
SF:/Users/webmapps.r.l./Documents/webmapp-generator/bare/www/core/js/services/account.factory.js
FN:5,Account
FN:19,(anonymous_2)
FN:37,(anonymous_3)
FN:45,(anonymous_4)
FN:52,(anonymous_5)
FN:75,(anonymous_6)
FN:85,(anonymous_7)
FN:93,(anonymous_8)
FN:105,(anonymous_9)
FN:126,(anonymous_10)
FN:129,(anonymous_11)
FN:133,(anonymous_12)
FN:143,(anonymous_13)
FN:160,(anonymous_14)
FN:162,(anonymous_15)
FN:171,(anonymous_16)
FN:182,(anonymous_17)
FN:195,(anonymous_18)
FN:197,(anonymous_19)
FN:200,(anonymous_20)
FN:207,(anonymous_21)
FN:222,(anonymous_22)
FN:224,(anonymous_23)
FN:231,(anonymous_24)
FN:253,(anonymous_25)
FN:255,(anonymous_26)
FN:262,(anonymous_27)
FN:280,(anonymous_28)
FN:284,(anonymous_29)
FN:291,(anonymous_30)
FN:336,(anonymous_31)
FN:359,(anonymous_32)
FN:361,(anonymous_33)
FNF:33
FNH:33
FNDA:30,Account
FNDA:2,(anonymous_2)
FNDA:1,(anonymous_3)
FNDA:1,(anonymous_4)
FNDA:2,(anonymous_5)
FNDA:1,(anonymous_6)
FNDA:1,(anonymous_7)
FNDA:0,(anonymous_8)
FNDA:0,(anonymous_9)
FNDA:0,(anonymous_10)
FNDA:0,(anonymous_11)
FNDA:0,(anonymous_12)
FNDA:2,(anonymous_13)
FNDA:1,(anonymous_14)
FNDA:1,(anonymous_15)
FNDA:3,(anonymous_16)
FNDA:2,(anonymous_17)
FNDA:1,(anonymous_18)
FNDA:1,(anonymous_19)
FNDA:1,(anonymous_20)
FNDA:2,(anonymous_21)
FNDA:1,(anonymous_22)
FNDA:1,(anonymous_23)
FNDA:2,(anonymous_24)
FNDA:1,(anonymous_25)
FNDA:1,(anonymous_26)
FNDA:2,(anonymous_27)
FNDA:1,(anonymous_28)
FNDA:1,(anonymous_29)
FNDA:10,(anonymous_30)
FNDA:5,(anonymous_31)
FNDA:1,(anonymous_32)
FNDA:1,(anonymous_33)
DA:3,1
DA:12,30
DA:14,30
DA:19,30
DA:20,2
DA:22,2
DA:26,2
DA:38,1
DA:39,1
DA:42,1
DA:44,1
DA:46,1
DA:49,2
DA:52,30
DA:53,2
DA:56,2
DA:60,2
DA:61,2
DA:64,2
DA:76,1
DA:79,1
DA:80,0
DA:83,1
DA:84,1
DA:86,1
DA:89,2
DA:93,30
DA:94,1
DA:97,1
DA:98,1
DA:99,1
DA:101,1
DA:104,1
DA:106,1
DA:110,1
DA:111,1
DA:112,1
DA:114,1
DA:117,1
DA:128,1
DA:131,1
DA:134,1
DA:137,1
DA:140,1
DA:143,30
DA:144,2
DA:146,2
DA:150,2
DA:161,1
DA:163,1
DA:166,2
DA:168,2
DA:171,30
DA:172,3
DA:174,3
DA:183,2
DA:196,1
DA:198,1
DA:201,1
DA:204,3
DA:207,30
DA:208,2
DA:210,2
DA:223,1
DA:225,1
DA:228,2
DA:231,30
DA:232,2
DA:244,2
DA:254,1
DA:256,1
DA:259,2
DA:262,30
DA:263,2
DA:265,2
DA:269,2
DA:281,1
DA:282,1
DA:283,1
DA:285,1
DA:288,2
DA:291,30
DA:292,10
DA:293,1
DA:296,9
DA:300,9
DA:308,9
DA:309,30
DA:310,4
DA:311,4
DA:315,9
DA:316,5
DA:317,1
DA:320,5
DA:321,1
DA:324,5
DA:325,1
DA:328,5
DA:329,1
DA:333,9
DA:336,30
DA:337,5
DA:339,5
DA:343,5
DA:344,2
DA:360,1
DA:362,1
DA:365,3
DA:369,5
DA:372,30
LF:110
LH:109
BRDA:38,1,0,1
BRDA:38,1,1,0
BRDA:60,2,0,2
BRDA:60,2,1,0
BRDA:76,3,0,1
BRDA:76,3,1,0
BRDA:79,4,0,0
BRDA:79,4,1,1
BRDA:97,5,0,0
BRDA:97,5,1,0
BRDA:98,6,0,0
BRDA:98,6,1,0
BRDA:110,7,0,0
BRDA:110,7,1,0
BRDA:292,8,0,1
BRDA:292,8,1,9
BRDA:309,9,0,4
BRDA:309,9,1,26
BRDA:315,10,0,5
BRDA:315,10,1,4
BRDA:316,11,0,1
BRDA:316,11,1,4
BRDA:320,12,0,1
BRDA:320,12,1,4
BRDA:324,13,0,1
BRDA:324,13,1,4
BRDA:328,14,0,1
BRDA:328,14,1,4
BRDA:343,15,0,2
BRDA:343,15,1,3
BRDA:343,16,0,5
BRDA:343,16,1,4
BRDA:343,16,2,3
BRF:33
BRH:29
end_of_record
TN:
SF:/Users/webmapps.r.l./Documents/webmapp-generator/bare/www/core/js/services/auth.factory.js
FN:5,Auth
FN:23,(anonymous_2)
FN:33,(anonymous_3)
FN:38,(anonymous_4)
FN:44,(anonymous_5)
FN:49,(anonymous_6)
FN:53,(anonymous_7)
FNF:7
FNH:6
FNDA:37,Auth
FNDA:0,(anonymous_2)
FNDA:36,(anonymous_3)
FNDA:3,(anonymous_4)
FNDA:2,(anonymous_5)
FNDA:2,(anonymous_6)
FNDA:4,(anonymous_7)
DA:3,1
DA:9,37
DA:11,37
DA:15,37
DA:16,1
DA:17,1
DA:18,1
DA:19,1
DA:22,37
DA:24,0
DA:25,0
DA:26,0
DA:27,0
DA:30,0
DA:35,36
DA:38,37
DA:39,3
DA:40,3
DA:41,3
DA:44,37
DA:45,2
DA:46,2
DA:49,37
DA:50,2
DA:53,37
DA:54,4
DA:57,37
LF:27
LH:22
BRDA:15,1,0,0
BRDA:15,1,1,37
BRDA:24,2,0,0
BRDA:24,2,1,0
BRDA:24,3,0,0
BRDA:24,3,1,0
BRF:6
BRH:2
end_of_record
TN:
SF:/Users/webmapps.r.l./Documents/webmapp-generator/bare/www/core/js/services/communication.factory.js
FN:5,Communication
FN:11,(anonymous_2)
FN:21,(anonymous_3)
FN:24,(anonymous_4)
FN:31,(anonymous_5)
FN:44,(anonymous_6)
FN:47,(anonymous_7)
FN:54,(anonymous_8)
FN:62,(anonymous_9)
FN:65,(anonymous_10)
FN:72,(anonymous_11)
FN:76,(anonymous_12)
FN:79,(anonymous_13)
FN:86,(anonymous_14)
FN:91,fail
FN:95,gotFile
FN:102,(anonymous_17)
FN:105,(anonymous_18)
FNF:18
FNH:18
FNDA:15,Communication
FNDA:2,(anonymous_2)
FNDA:1,(anonymous_3)
FNDA:1,(anonymous_4)
FNDA:2,(anonymous_5)
FNDA:1,(anonymous_6)
FNDA:1,(anonymous_7)
FNDA:4,(anonymous_8)
FNDA:2,(anonymous_9)
FNDA:2,(anonymous_10)
FNDA:2,(anonymous_11)
FNDA:1,(anonymous_12)
FNDA:2,(anonymous_13)
FNDA:3,(anonymous_14)
FNDA:1,fail
FNDA:2,gotFile
FNDA:1,(anonymous_17)
FNDA:1,(anonymous_18)
DA:3,1
DA:9,15
DA:11,15
DA:12,2
DA:20,2
DA:22,1
DA:25,1
DA:28,2
DA:31,15
DA:32,2
DA:34,2
DA:45,1
DA:48,1
DA:51,2
DA:54,15
DA:55,4
DA:57,4
DA:63,2
DA:66,2
DA:69,4
DA:72,15
DA:73,2
DA:75,2
DA:77,1
DA:80,2
DA:83,2
DA:86,15
DA:87,3
DA:89,3
DA:91,1
DA:92,1
DA:95,1
DA:97,2
DA:98,1
DA:99,1
DA:102,1
DA:103,1
DA:105,1
DA:106,1
DA:109,1
DA:114,3
DA:117,15
LF:42
LH:42
BRDA:97,1,0,1
BRDA:97,1,1,1
BRF:2
BRH:2
end_of_record
TN:
SF:/Users/webmapps.r.l./Documents/webmapp-generator/bare/www/core/js/services/geolocation.factory.js
FN:2,GeolocationService
FN:65,(anonymous_2)
FN:96,(anonymous_3)
FN:112,(anonymous_4)
FN:160,centerOnCoordsWithoutZoomEvent
FN:178,checkGPS
FN:181,(anonymous_7)
FN:189,(anonymous_8)
FN:203,(anonymous_9)
FN:208,(anonymous_10)
FN:233,(anonymous_11)
FN:287,GPSSettingsSwitched
FN:310,turnOffRotation
FN:337,turnOffRotationAndFollow
FN:344,geolocationErrorCallback
FN:387,rotationCallback
FN:409,enableCompassRotation
FN:421,(anonymous_18)
FN:436,activateRotation
FN:447,(anonymous_20)
FN:456,updateNavigationValues
FN:470,handleToast
FN:494,(anonymous_23)
FN:514,(anonymous_24)
FN:526,positionTask
FN:527,(anonymous_26)
FN:534,positionCallback
FN:592,(anonymous_28)
FN:667,(anonymous_29)
FN:671,(anonymous_30)
FN:726,activateBackgroundGeolocationHandlers
FN:730,(anonymous_32)
FN:747,(anonymous_33)
FN:768,checkStatus
FN:770,(anonymous_35)
FN:788,saveRecordingState
FN:816,deleteRecordingState
FN:826,restoreRecordingState
FN:870,(anonymous_39)
FN:875,(anonymous_40)
FN:881,(anonymous_41)
FN:890,(anonymous_42)
FN:943,(anonymous_43)
FN:947,(anonymous_44)
FN:986,(anonymous_45)
FN:988,(anonymous_46)
FN:1013,(anonymous_47)
FN:1025,(anonymous_48)
FN:1034,(anonymous_49)
FN:1037,(anonymous_50)
FN:1064,(anonymous_51)
FN:1066,(anonymous_52)
FN:1104,(anonymous_53)
FN:1112,(anonymous_54)
FN:1139,(anonymous_55)
FN:1217,(anonymous_56)
FN:1246,(anonymous_57)
FN:1254,(anonymous_58)
FN:1288,(anonymous_59)
FN:1324,(anonymous_60)
FN:1360,(anonymous_61)
FN:1385,(anonymous_62)
FN:1437,(anonymous_63)
FN:1449,(anonymous_64)
FN:1453,(anonymous_65)
FN:1457,(anonymous_66)
FN:1465,(anonymous_67)
FNF:67
FNH:52
FNDA:80,GeolocationService
FNDA:9,(anonymous_2)
FNDA:43,(anonymous_3)
FNDA:40,(anonymous_4)
FNDA:57,centerOnCoordsWithoutZoomEvent
FNDA:74,checkGPS
FNDA:70,(anonymous_7)
FNDA:2,(anonymous_8)
FNDA:0,(anonymous_9)
FNDA:74,(anonymous_10)
FNDA:72,(anonymous_11)
FNDA:7,GPSSettingsSwitched
FNDA:21,turnOffRotation
FNDA:16,turnOffRotationAndFollow
FNDA:0,geolocationErrorCallback
FNDA:0,rotationCallback
FNDA:17,enableCompassRotation
FNDA:2,(anonymous_18)
FNDA:21,activateRotation
FNDA:0,(anonymous_20)
FNDA:15,updateNavigationValues
FNDA:21,handleToast
FNDA:1,(anonymous_23)
FNDA:4,(anonymous_24)
FNDA:81,positionTask
FNDA:81,(anonymous_26)
FNDA:81,positionCallback
FNDA:2,(anonymous_28)
FNDA:0,(anonymous_29)
FNDA:0,(anonymous_30)
FNDA:68,activateBackgroundGeolocationHandlers
FNDA:4,(anonymous_32)
FNDA:2,(anonymous_33)
FNDA:144,checkStatus
FNDA:144,(anonymous_35)
FNDA:20,saveRecordingState
FNDA:1,deleteRecordingState
FNDA:0,restoreRecordingState
FNDA:145,(anonymous_39)
FNDA:144,(anonymous_40)
FNDA:0,(anonymous_41)
FNDA:0,(anonymous_42)
FNDA:0,(anonymous_43)
FNDA:0,(anonymous_44)
FNDA:36,(anonymous_45)
FNDA:0,(anonymous_46)
FNDA:0,(anonymous_47)
FNDA:0,(anonymous_48)
FNDA:0,(anonymous_49)
FNDA:0,(anonymous_50)
FNDA:9,(anonymous_51)
FNDA:0,(anonymous_52)
FNDA:34,(anonymous_53)
FNDA:0,(anonymous_54)
FNDA:35,(anonymous_55)
FNDA:26,(anonymous_56)
FNDA:7,(anonymous_57)
FNDA:0,(anonymous_58)
FNDA:5,(anonymous_59)
FNDA:3,(anonymous_60)
FNDA:4,(anonymous_61)
FNDA:2,(anonymous_62)
FNDA:0,(anonymous_63)
FNDA:0,(anonymous_64)
FNDA:2,(anonymous_65)
FNDA:6,(anonymous_66)
FNDA:80,(anonymous_67)
DA:1,1
DA:15,80
DA:29,80
DA:36,80
DA:39,80
DA:54,80
DA:66,9
DA:67,9
DA:68,9
DA:69,9
DA:70,9
DA:71,9
DA:72,9
DA:73,9
DA:74,9
DA:79,80
DA:97,43
DA:98,43
DA:101,43
DA:102,43
DA:105,43
DA:106,43
DA:108,43
DA:109,43
DA:113,40
DA:114,40
DA:115,40
DA:116,40
DA:117,40
DA:118,40
DA:119,40
DA:120,40
DA:121,40
DA:122,40
DA:123,40
DA:128,80
DA:137,80
DA:138,0
DA:140,80
DA:141,0
DA:144,80
DA:145,0
DA:147,80
DA:148,2
DA:151,80
DA:160,1
DA:161,57
DA:162,57
DA:163,57
DA:164,57
DA:167,57
DA:178,1
DA:179,74
DA:181,74
DA:182,70
DA:183,68
DA:184,68
DA:186,2
DA:190,2
DA:191,2
DA:192,1
DA:194,1
DA:198,2
DA:203,74
DA:204,1
DA:205,1
DA:208,74
DA:209,74
DA:210,2
DA:211,1
DA:216,1
DA:222,72
DA:223,4
DA:224,4
DA:225,1
DA:229,1
DA:233,72
DA:234,72
DA:237,68
DA:238,2
DA:243,66
DA:248,68
DA:250,3
DA:251,2
DA:252,2
DA:257,1
DA:262,3
DA:263,3
DA:265,1
DA:269,1
DA:270,1
DA:278,74
DA:287,1
DA:288,7
DA:292,3
DA:294,4
DA:295,2
DA:299,2
DA:300,2
DA:305,4
DA:306,4
DA:310,1
DA:311,21
DA:312,21
DA:315,21
DA:316,21
DA:318,21
DA:319,0
DA:320,0
DA:323,0
DA:326,21
DA:328,21
DA:329,21
DA:330,21
DA:332,21
DA:333,21
DA:334,21
DA:337,1
DA:338,16
DA:340,16
DA:341,16
DA:344,1
DA:345,0
DA:346,0
DA:347,0
DA:350,0
DA:351,0
DA:359,0
DA:360,0
DA:362,0
DA:363,0
DA:364,0
DA:366,0
DA:367,0
DA:368,0
DA:369,0
DA:371,0
DA:372,0
DA:377,0
DA:378,0
DA:380,0
DA:381,0
DA:383,0
DA:387,1
DA:388,0
DA:389,0
DA:393,0
DA:395,0
DA:396,0
DA:397,0
DA:400,0
DA:402,0
DA:404,0
DA:405,0
DA:409,1
DA:410,17
DA:411,17
DA:415,17
DA:419,17
DA:422,2
DA:423,2
DA:424,2
DA:425,2
DA:427,2
DA:428,2
DA:429,2
DA:430,2
DA:436,1
DA:437,21
DA:439,21
DA:440,21
DA:441,21
DA:443,21
DA:444,6
DA:445,6
DA:446,6
DA:447,6
DA:448,0
DA:452,15
DA:456,1
DA:457,15
DA:458,15
DA:460,15
DA:462,15
DA:470,1
DA:471,21
DA:472,21
DA:473,21
DA:474,21
DA:477,21
DA:479,21
DA:490,21
DA:491,14
DA:492,3
DA:493,3
DA:494,3
DA:495,1
DA:496,1
DA:497,1
DA:498,1
DA:501,11
DA:502,1
DA:503,1
DA:506,7
DA:507,1
DA:508,1
DA:511,7
DA:512,1
DA:513,6
DA:514,6
DA:515,4
DA:516,4
DA:517,4
DA:518,4
DA:519,4
DA:526,1
DA:527,81
DA:528,81
DA:529,81
DA:534,1
DA:537,81
DA:538,1
DA:541,80
DA:549,80
DA:550,42
DA:551,42
DA:552,42
DA:555,80
DA:556,78
DA:557,2
DA:558,2
DA:559,2
DA:563,2
DA:564,1
DA:566,2
DA:567,2
DA:570,76
DA:571,22
DA:572,11
DA:573,6
DA:576,5
DA:577,5
DA:578,0
DA:579,0
DA:582,0
DA:583,0
DA:585,5
DA:586,5
DA:587,5
DA:589,5
DA:590,5
DA:592,5
DA:593,2
DA:594,2
DA:596,2
DA:598,2
DA:599,2
DA:604,11
DA:605,11
DA:606,11
DA:607,11
DA:613,78
DA:614,59
DA:617,78
DA:618,59
DA:619,57
DA:620,57
DA:621,57
DA:624,57
DA:625,16
DA:635,0
DA:645,0
DA:646,0
DA:666,0
DA:668,0
DA:669,0
DA:672,0
DA:677,16
DA:678,1
DA:681,16
DA:688,16
DA:689,15
DA:691,1
DA:694,16
DA:695,14
DA:698,16
DA:699,16
DA:708,59
DA:717,59
DA:718,18
DA:721,19
DA:722,19
DA:726,1
DA:727,68
DA:728,68
DA:729,68
DA:730,68
DA:731,4
DA:732,2
DA:737,2
DA:739,2
DA:740,2
DA:741,0
DA:744,2
DA:747,68
DA:748,2
DA:749,1
DA:752,1
DA:754,1
DA:756,1
DA:768,1
DA:769,144
DA:770,144
DA:772,144
DA:773,0
DA:775,144
DA:778,144
DA:788,1
DA:789,20
DA:790,20
DA:792,20
DA:807,20
DA:816,1
DA:817,1
DA:826,1
DA:827,1
DA:829,1
DA:830,1
DA:831,1
DA:832,1
DA:833,1
DA:835,1
DA:837,1
DA:838,1
DA:839,1
DA:840,1
DA:841,1
DA:847,1
DA:848,1
DA:849,1
DA:850,1
DA:851,1
DA:853,1
DA:856,1
DA:858,1
DA:870,80
DA:871,145
DA:872,145
DA:874,145
DA:875,144
DA:877,144
DA:878,1
DA:880,1
DA:881,1
DA:882,1
DA:889,1
DA:890,1
DA:891,1
DA:893,1
DA:894,1
DA:895,1
DA:896,1
DA:897,1
DA:899,1
DA:903,1
DA:910,1
DA:911,1
DA:912,1
DA:913,1
DA:915,1
DA:916,1
DA:919,1
DA:926,1
DA:928,1
DA:929,1
DA:930,1
DA:935,1
DA:937,1
DA:939,1
DA:940,1
DA:941,1
DA:943,1
DA:944,1
DA:948,1
DA:949,1
DA:958,1
DA:959,1
DA:964,1
DA:965,1
DA:968,144
DA:969,2
DA:970,142
DA:971,68
DA:972,68
DA:973,68
DA:975,68
DA:977,68
DA:979,68
DA:981,68
DA:987,36
DA:989,0
DA:992,68
DA:994,74
DA:999,1
DA:1000,1
DA:1001,0
DA:1002,0
DA:1003,0
DA:1004,0
DA:1005,0
DA:1007,0
DA:1009,0
DA:1014,0
DA:1015,0
DA:1016,0
DA:1018,0
DA:1024,0
DA:1026,0
DA:1027,0
DA:1032,0
DA:1035,0
DA:1038,0
DA:1039,0
DA:1044,0
DA:1047,0
DA:1050,1
DA:1054,145
DA:1064,80
DA:1065,9
DA:1066,9
DA:1067,0
DA:1070,9
DA:1071,9
DA:1072,9
DA:1074,9
DA:1075,9
DA:1076,9
DA:1077,9
DA:1078,9
DA:1079,9
DA:1081,0
DA:1082,0
DA:1083,0
DA:1085,0
DA:1086,0
DA:1090,0
DA:1091,0
DA:1092,0
DA:1093,0
DA:1094,0
DA:1097,9
DA:1104,80
DA:1105,34
DA:1112,80
DA:1113,0
DA:1114,0
DA:1115,0
DA:1116,0
DA:1118,0
DA:1139,80
DA:1140,35
DA:1142,35
DA:1143,1
DA:1144,34
DA:1145,0
DA:1146,34
DA:1147,2
DA:1148,32
DA:1149,9
DA:1151,6
DA:1152,2
DA:1153,0
DA:1154,0
DA:1155,0
DA:1157,0
DA:1159,2
DA:1160,2
DA:1164,4
DA:1165,1
DA:1166,1
DA:1169,1
DA:1170,0
DA:1171,0
DA:1172,0
DA:1174,0
DA:1177,3
DA:1180,9
DA:1181,23
DA:1182,19
DA:1183,19
DA:1185,4
DA:1186,4
DA:1189,4
DA:1190,0
DA:1192,0
DA:1194,0
DA:1195,0
DA:1198,4
DA:1201,35
DA:1217,80
DA:1218,26
DA:1219,26
DA:1220,1
DA:1222,26
DA:1223,25
DA:1224,25
DA:1225,25
DA:1226,25
DA:1227,25
DA:1232,25
DA:1233,9
DA:1234,9
DA:1239,9
DA:1241,16
DA:1244,25
DA:1245,18
DA:1247,7
DA:1248,7
DA:1249,7
DA:1250,7
DA:1256,7
DA:1259,25
DA:1260,6
DA:1261,6
DA:1262,1
DA:1266,5
DA:1270,25
DA:1275,1
DA:1278,26
DA:1288,80
DA:1289,5
DA:1290,5
DA:1291,3
DA:1292,3
DA:1293,3
DA:1294,3
DA:1299,3
DA:1301,3
DA:1305,2
DA:1306,1
DA:1311,1
DA:1314,5
DA:1324,80
DA:1325,3
DA:1326,3
DA:1327,1
DA:1328,1
DA:1329,1
DA:1334,1
DA:1335,0
DA:1338,1
DA:1342,2
DA:1343,1
DA:1348,1
DA:1351,3
DA:1360,80
DA:1361,4
DA:1362,4
DA:1363,4
DA:1367,4
DA:1372,4
DA:1385,80
DA:1386,2
DA:1387,2
DA:1388,1
DA:1390,1
DA:1393,0
DA:1394,0
DA:1397,1
DA:1398,0
DA:1401,0
DA:1402,0
DA:1408,0
DA:1411,1
DA:1414,1
DA:1421,1
DA:1423,1
DA:1426,2
DA:1437,80
DA:1438,0
DA:1449,80
DA:1450,0
DA:1453,80
DA:1454,2
DA:1457,80
DA:1458,6
DA:1459,2
DA:1461,4
DA:1465,80
DA:1466,80
DA:1467,80
DA:1468,80
DA:1469,80
DA:1492,80
LF:594
LH:484
BRDA:37,1,0,0
BRDA:37,1,1,80
BRDA:37,2,0,80
BRDA:37,2,1,80
BRDA:45,3,0,0
BRDA:45,3,1,80
BRDA:45,4,0,80
BRDA:45,4,1,80
BRDA:47,5,0,0
BRDA:47,5,1,80
BRDA:47,6,0,80
BRDA:47,6,1,0
BRDA:47,6,2,0
BRDA:129,7,0,80
BRDA:129,7,1,80
BRDA:129,7,2,2
BRDA:129,7,3,78
BRDA:129,7,4,0
BRDA:129,7,5,0
BRDA:129,7,6,0
BRDA:137,8,0,0
BRDA:137,8,1,80
BRDA:137,9,0,80
BRDA:137,9,1,0
BRDA:137,9,2,0
BRDA:137,9,3,0
BRDA:140,10,0,0
BRDA:140,10,1,80
BRDA:140,11,0,80
BRDA:140,11,1,80
BRDA:140,11,2,2
BRDA:144,12,0,0
BRDA:144,12,1,80
BRDA:144,13,0,80
BRDA:144,13,1,0
BRDA:144,13,2,0
BRDA:144,13,3,0
BRDA:147,14,0,2
BRDA:147,14,1,78
BRDA:147,15,0,80
BRDA:147,15,1,80
BRDA:147,15,2,2
BRDA:151,16,0,80
BRDA:151,16,1,80
BRDA:151,16,2,80
BRDA:161,17,0,57
BRDA:161,17,1,0
BRDA:163,18,0,57
BRDA:163,18,1,0
BRDA:182,19,0,68
BRDA:182,19,1,2
BRDA:190,20,0,2
BRDA:190,20,1,0
BRDA:191,21,0,1
BRDA:191,21,1,1
BRDA:209,22,0,2
BRDA:209,22,1,72
BRDA:210,23,0,1
BRDA:210,23,1,1
BRDA:222,24,0,4
BRDA:222,24,1,68
BRDA:223,25,0,1
BRDA:223,25,1,3
BRDA:224,26,0,1
BRDA:224,26,1,3
BRDA:234,27,0,68
BRDA:234,27,1,68
BRDA:234,27,2,3
BRDA:234,27,3,1
BRDA:237,28,0,2
BRDA:237,28,1,66
BRDA:250,29,0,2
BRDA:250,29,1,1
BRDA:288,30,0,3
BRDA:288,30,1,4
BRDA:288,31,0,7
BRDA:288,31,1,7
BRDA:288,31,2,4
BRDA:288,31,3,0
BRDA:288,31,4,0
BRDA:294,32,0,2
BRDA:294,32,1,2
BRDA:318,33,0,0
BRDA:318,33,1,21
BRDA:360,34,0,0
BRDA:360,34,1,0
BRDA:360,34,2,0
BRDA:360,34,3,0
BRDA:377,35,0,0
BRDA:377,35,1,0
BRDA:388,36,0,0
BRDA:388,36,1,0
BRDA:395,37,0,0
BRDA:395,37,1,0
BRDA:422,38,0,2
BRDA:422,38,1,0
BRDA:443,39,0,6
BRDA:443,39,1,15
BRDA:443,40,0,21
BRDA:443,40,1,21
BRDA:443,40,2,6
BRDA:457,41,0,15
BRDA:457,41,1,0
BRDA:457,42,0,15
BRDA:457,42,1,15
BRDA:457,42,2,15
BRDA:460,43,0,15
BRDA:460,43,1,0
BRDA:471,44,0,21
BRDA:471,44,1,0
BRDA:473,45,0,0
BRDA:473,45,1,21
BRDA:477,46,0,0
BRDA:477,46,1,21
BRDA:490,47,0,14
BRDA:490,47,1,7
BRDA:491,48,0,3
BRDA:491,48,1,11
BRDA:493,49,0,3
BRDA:493,49,1,0
BRDA:501,50,0,1
BRDA:501,50,1,10
BRDA:506,51,0,1
BRDA:506,51,1,6
BRDA:511,52,0,1
BRDA:511,52,1,6
BRDA:513,53,0,6
BRDA:513,53,1,0
BRDA:537,54,0,1
BRDA:537,54,1,80
BRDA:541,55,0,80
BRDA:541,55,1,0
BRDA:542,56,0,80
BRDA:542,56,1,0
BRDA:543,57,0,80
BRDA:543,57,1,0
BRDA:544,58,0,0
BRDA:544,58,1,80
BRDA:545,59,0,28
BRDA:545,59,1,52
BRDA:546,60,0,11
BRDA:546,60,1,69
BRDA:549,61,0,42
BRDA:549,61,1,38
BRDA:555,62,0,78
BRDA:555,62,1,2
BRDA:556,63,0,2
BRDA:556,63,1,76
BRDA:563,64,0,1
BRDA:563,64,1,1
BRDA:570,65,0,22
BRDA:570,65,1,54
BRDA:570,66,0,76
BRDA:570,66,1,22
BRDA:571,67,0,11
BRDA:571,67,1,11
BRDA:572,68,0,6
BRDA:572,68,1,5
BRDA:577,69,0,0
BRDA:577,69,1,5
BRDA:589,70,0,5
BRDA:589,70,1,0
BRDA:604,71,0,11
BRDA:604,71,1,0
BRDA:613,72,0,59
BRDA:613,72,1,19
BRDA:613,73,0,78
BRDA:613,73,1,38
BRDA:617,74,0,59
BRDA:617,74,1,19
BRDA:618,75,0,57
BRDA:618,75,1,2
BRDA:620,76,0,57
BRDA:620,76,1,0
BRDA:624,77,0,16
BRDA:624,77,1,41
BRDA:624,78,0,57
BRDA:624,78,1,16
BRDA:625,79,0,0
BRDA:625,79,1,16
BRDA:625,80,0,16
BRDA:625,80,1,0
BRDA:625,80,2,0
BRDA:645,81,0,0
BRDA:645,81,1,0
BRDA:677,82,0,1
BRDA:677,82,1,15
BRDA:677,83,0,16
BRDA:677,83,1,16
BRDA:685,84,0,0
BRDA:685,84,1,16
BRDA:688,85,0,15
BRDA:688,85,1,1
BRDA:694,86,0,14
BRDA:694,86,1,2
BRDA:714,87,0,0
BRDA:714,87,1,59
BRDA:717,88,0,18
BRDA:717,88,1,41
BRDA:717,89,0,59
BRDA:717,89,1,18
BRDA:731,90,0,2
BRDA:731,90,1,2
BRDA:740,91,0,0
BRDA:740,91,1,2
BRDA:748,92,0,1
BRDA:748,92,1,1
BRDA:772,93,0,0
BRDA:772,93,1,144
BRDA:790,94,0,2
BRDA:790,94,1,18
BRDA:793,95,0,14
BRDA:793,95,1,6
BRDA:827,96,0,0
BRDA:827,96,1,0
BRDA:829,97,0,0
BRDA:829,97,1,0
BRDA:849,98,0,0
BRDA:849,98,1,0
BRDA:850,99,0,0
BRDA:850,99,1,0
BRDA:874,100,0,144
BRDA:874,100,1,1
BRDA:877,101,0,0
BRDA:877,101,1,144
BRDA:880,102,0,0
BRDA:880,102,1,0
BRDA:889,103,0,0
BRDA:889,103,1,0
BRDA:894,104,0,0
BRDA:894,104,1,0
BRDA:896,105,0,0
BRDA:896,105,1,0
BRDA:906,106,0,0
BRDA:906,106,1,0
BRDA:910,107,0,0
BRDA:910,107,1,0
BRDA:915,108,0,0
BRDA:915,108,1,0
BRDA:929,109,0,0
BRDA:929,109,1,0
BRDA:952,110,0,0
BRDA:952,110,1,0
BRDA:968,111,0,2
BRDA:968,111,1,142
BRDA:970,112,0,68
BRDA:970,112,1,74
BRDA:1000,113,0,0
BRDA:1000,113,1,1
BRDA:1000,114,0,1
BRDA:1000,114,1,1
BRDA:1065,115,0,9
BRDA:1065,115,1,0
BRDA:1070,116,0,9
BRDA:1070,116,1,0
BRDA:1081,117,0,0
BRDA:1081,117,1,0
BRDA:1081,118,0,0
BRDA:1081,118,1,0
BRDA:1113,119,0,0
BRDA:1113,119,1,0
BRDA:1113,120,0,0
BRDA:1113,120,1,0
BRDA:1113,120,2,0
BRDA:1115,121,0,0
BRDA:1115,121,1,0
BRDA:1142,122,0,1
BRDA:1142,122,1,34
BRDA:1144,123,0,0
BRDA:1144,123,1,34
BRDA:1146,124,0,2
BRDA:1146,124,1,32
BRDA:1148,125,0,9
BRDA:1148,125,1,23
BRDA:1149,126,0,6
BRDA:1149,126,1,3
BRDA:1149,127,0,9
BRDA:1149,127,1,6
BRDA:1151,128,0,2
BRDA:1151,128,1,4
BRDA:1152,129,0,0
BRDA:1152,129,1,2
BRDA:1154,130,0,0
BRDA:1154,130,1,0
BRDA:1154,131,0,0
BRDA:1154,131,1,0
BRDA:1154,131,2,0
BRDA:1159,132,0,2
BRDA:1159,132,1,0
BRDA:1164,133,0,1
BRDA:1164,133,1,3
BRDA:1165,134,0,1
BRDA:1165,134,1,0
BRDA:1169,135,0,0
BRDA:1169,135,1,1
BRDA:1171,136,0,0
BRDA:1171,136,1,0
BRDA:1171,137,0,0
BRDA:1171,137,1,0
BRDA:1171,137,2,0
BRDA:1181,138,0,19
BRDA:1181,138,1,4
BRDA:1181,139,0,23
BRDA:1181,139,1,23
BRDA:1185,140,0,4
BRDA:1185,140,1,0
BRDA:1189,141,0,0
BRDA:1189,141,1,4
BRDA:1194,142,0,0
BRDA:1194,142,1,0
BRDA:1194,143,0,0
BRDA:1194,143,1,0
BRDA:1194,143,2,0
BRDA:1219,144,0,1
BRDA:1219,144,1,25
BRDA:1219,145,0,26
BRDA:1219,145,1,6
BRDA:1222,146,0,25
BRDA:1222,146,1,1
BRDA:1232,147,0,9
BRDA:1232,147,1,16
BRDA:1232,148,0,25
BRDA:1232,148,1,9
BRDA:1232,148,2,9
BRDA:1244,149,0,18
BRDA:1244,149,1,7
BRDA:1244,150,0,25
BRDA:1244,150,1,19
BRDA:1244,150,2,18
BRDA:1247,151,0,7
BRDA:1247,151,1,0
BRDA:1247,152,0,7
BRDA:1247,152,1,0
BRDA:1249,153,0,7
BRDA:1249,153,1,0
BRDA:1249,154,0,7
BRDA:1249,154,1,7
BRDA:1249,154,2,7
BRDA:1259,155,0,6
BRDA:1259,155,1,19
BRDA:1261,156,0,1
BRDA:1261,156,1,5
BRDA:1290,157,0,3
BRDA:1290,157,1,2
BRDA:1290,158,0,5
BRDA:1290,158,1,4
BRDA:1305,159,0,1
BRDA:1305,159,1,1
BRDA:1305,160,0,2
BRDA:1305,160,1,1
BRDA:1326,161,0,1
BRDA:1326,161,1,2
BRDA:1326,162,0,3
BRDA:1326,162,1,2
BRDA:1334,163,0,0
BRDA:1334,163,1,1
BRDA:1334,164,0,1
BRDA:1334,164,1,0
BRDA:1334,164,2,0
BRDA:1342,165,0,1
BRDA:1342,165,1,1
BRDA:1342,166,0,2
BRDA:1342,166,1,1
BRDA:1387,167,0,1
BRDA:1387,167,1,1
BRDA:1390,168,0,1
BRDA:1390,168,1,1
BRDA:1390,168,2,1
BRDA:1397,169,0,0
BRDA:1397,169,1,1
BRDA:1397,170,0,1
BRDA:1397,170,1,1
BRDA:1458,171,0,2
BRDA:1458,171,1,4
BRDA:1466,172,0,80
BRDA:1466,172,1,0
BRF:376
BRH:274
end_of_record
TN:
SF:/Users/webmapps.r.l./Documents/webmapp-generator/bare/www/core/js/services/map.factory.js
FN:5,MapService
FN:116,(anonymous_2)
FN:121,(anonymous_3)
FN:126,(anonymous_4)
FN:135,(anonymous_5)
FN:142,(anonymous_6)
FN:149,(anonymous_7)
FN:156,(anonymous_8)
FN:169,(anonymous_9)
FN:174,(anonymous_10)
FN:185,(anonymous_11)
FN:219,(anonymous_12)
FN:246,(anonymous_13)
FN:275,(anonymous_14)
FN:304,(anonymous_15)
FN:349,(anonymous_16)
FN:350,(anonymous_17)
FN:354,(anonymous_18)
FN:359,(anonymous_19)
FN:361,(anonymous_20)
FN:364,(anonymous_21)
FN:369,(anonymous_22)
FN:373,(anonymous_23)
FN:374,(anonymous_24)
FN:379,(anonymous_25)
FN:385,(anonymous_26)
FN:392,(anonymous_27)
FN:410,(anonymous_28)
FN:416,(anonymous_29)
FN:422,(anonymous_30)
FN:432,(anonymous_31)
FN:454,(anonymous_32)
FN:460,(anonymous_33)
FN:567,(anonymous_34)
FN:581,(anonymous_35)
FN:596,(anonymous_36)
FN:610,(anonymous_37)
FN:615,(anonymous_38)
FN:626,(anonymous_39)
FN:637,(anonymous_40)
FN:653,(anonymous_41)
FN:654,(anonymous_42)
FN:663,(anonymous_43)
FN:677,(anonymous_44)
FN:737,(anonymous_45)
FN:752,(anonymous_46)
FN:761,(anonymous_47)
FN:779,(anonymous_48)
FN:786,(anonymous_49)
FN:791,(anonymous_50)
FN:800,(anonymous_51)
FN:807,(anonymous_52)
FN:816,(anonymous_53)
FN:826,(anonymous_54)
FN:830,(anonymous_55)
FN:851,(anonymous_56)
FN:853,(anonymous_57)
FN:854,(anonymous_58)
FN:858,(anonymous_59)
FN:860,(anonymous_60)
FN:866,(anonymous_61)
FN:868,(anonymous_62)
FN:871,(anonymous_63)
FN:876,(anonymous_64)
FN:893,(anonymous_65)
FN:895,(anonymous_66)
FN:901,(anonymous_67)
FN:929,(anonymous_68)
FN:937,(anonymous_69)
FN:939,(anonymous_70)
FN:942,(anonymous_71)
FN:957,(anonymous_72)
FN:959,(anonymous_73)
FN:993,(anonymous_74)
FN:1019,(anonymous_75)
FN:1030,(anonymous_76)
FN:1047,(anonymous_77)
FN:1057,(anonymous_78)
FN:1070,(anonymous_79)
FN:1079,(anonymous_80)
FN:1085,(anonymous_81)
FN:1093,(anonymous_82)
FN:1100,(anonymous_83)
FN:1187,(anonymous_84)
FN:1191,(anonymous_85)
FN:1197,(anonymous_86)
FN:1221,(anonymous_87)
FN:1227,(anonymous_88)
FN:1231,(anonymous_89)
FN:1237,(anonymous_90)
FN:1242,(anonymous_91)
FN:1249,(anonymous_92)
FN:1271,(anonymous_93)
FN:1288,(anonymous_94)
FN:1301,(anonymous_95)
FN:1312,(anonymous_96)
FN:1314,(anonymous_97)
FN:1317,(anonymous_98)
FN:1323,(anonymous_99)
FN:1330,(anonymous_100)
FN:1335,(anonymous_101)
FN:1355,(anonymous_102)
FN:1356,(anonymous_103)
FN:1378,(anonymous_104)
FN:1415,(anonymous_105)
FN:1419,(anonymous_106)
FN:1460,(anonymous_107)
FN:1471,(anonymous_108)
FN:1530,(anonymous_109)
FN:1540,(anonymous_110)
FN:1544,(anonymous_111)
FN:1553,(anonymous_112)
FN:1557,(anonymous_113)
FN:1562,(anonymous_114)
FN:1568,(anonymous_115)
FN:1583,(anonymous_116)
FN:1592,(anonymous_117)
FN:1612,(anonymous_118)
FN:1620,(anonymous_119)
FN:1625,(anonymous_120)
FN:1673,(anonymous_121)
FN:1676,(anonymous_122)
FN:1686,(anonymous_123)
FN:1689,(anonymous_124)
FN:1697,(anonymous_125)
FN:1722,(anonymous_126)
FN:1726,(anonymous_127)
FN:1730,(anonymous_128)
FN:1734,(anonymous_129)
FN:1738,(anonymous_130)
FN:1742,(anonymous_131)
FN:1755,(anonymous_132)
FN:1763,(anonymous_133)
FN:1771,(anonymous_134)
FN:1783,(anonymous_135)
FN:1802,(anonymous_136)
FN:1833,(anonymous_137)
FN:1841,(anonymous_138)
FN:1856,(anonymous_139)
FN:1862,(anonymous_140)
FN:1866,(anonymous_141)
FN:1887,(anonymous_142)
FN:1902,(anonymous_143)
FN:1909,(anonymous_144)
FN:1915,(anonymous_145)
FN:1922,(anonymous_146)
FN:1932,(anonymous_147)
FN:1936,(anonymous_148)
FN:1951,(anonymous_149)
FN:1959,(anonymous_150)
FN:1971,(anonymous_151)
FN:1979,(anonymous_152)
FN:2014,(anonymous_153)
FN:2040,(anonymous_154)
FN:2054,(anonymous_155)
FN:2067,(anonymous_156)
FN:2083,setParent
FN:2103,(anonymous_158)
FN:2119,(anonymous_159)
FN:2121,(anonymous_160)
FN:2129,(anonymous_161)
FN:2150,(anonymous_162)
FN:2154,(anonymous_163)
FN:2158,(anonymous_164)
FN:2164,(anonymous_165)
FN:2171,(anonymous_166)
FN:2175,(anonymous_167)
FN:2179,(anonymous_168)
FN:2183,(anonymous_169)
FN:2187,(anonymous_170)
FN:2191,(anonymous_171)
FN:2195,(anonymous_172)
FN:2199,(anonymous_173)
FN:2203,(anonymous_174)
FN:2206,(anonymous_175)
FN:2215,(anonymous_176)
FN:2216,(anonymous_177)
FN:2237,(anonymous_178)
FN:2251,(anonymous_179)
FN:2263,(anonymous_180)
FN:2266,(anonymous_181)
FN:2277,(anonymous_182)
FN:2278,(anonymous_183)
FN:2287,(anonymous_184)
FN:2290,(anonymous_185)
FN:2301,(anonymous_186)
FN:2302,(anonymous_187)
FN:2311,(anonymous_188)
FN:2315,(anonymous_189)
FN:2326,(anonymous_190)
FN:2330,(anonymous_191)
FN:2334,(anonymous_192)
FN:2344,(anonymous_193)
FN:2348,(anonymous_194)
FN:2354,(anonymous_195)
FN:2358,(anonymous_196)
FN:2365,(anonymous_197)
FN:2380,(anonymous_198)
FN:2405,(anonymous_199)
FN:2409,(anonymous_200)
FN:2413,(anonymous_201)
FN:2417,(anonymous_202)
FN:2421,(anonymous_203)
FN:2427,(anonymous_204)
FN:2441,(anonymous_205)
FN:2455,(anonymous_206)
FN:2459,(anonymous_207)
FN:2465,(anonymous_208)
FN:2483,(anonymous_209)
FN:2509,(anonymous_210)
FN:2555,(anonymous_211)
FN:2561,(anonymous_212)
FN:2563,(anonymous_213)
FN:2578,(anonymous_214)
FN:2583,(anonymous_215)
FN:2588,(anonymous_216)
FN:2595,(anonymous_217)
FN:2603,(anonymous_218)
FN:2607,(anonymous_219)
FN:2611,(anonymous_220)
FN:2615,(anonymous_221)
FN:2620,(anonymous_222)
FN:2654,(anonymous_223)
FN:2675,(anonymous_224)
FN:2684,(anonymous_225)
FN:2693,(anonymous_226)
FN:2697,(anonymous_227)
FN:2704,(anonymous_228)
FN:2706,(anonymous_229)
FN:2740,(anonymous_230)
FN:2751,(anonymous_231)
FN:2758,(anonymous_232)
FN:2759,(anonymous_233)
FN:2796,(anonymous_234)
FN:2801,(anonymous_235)
FN:2803,(anonymous_236)
FN:2822,(anonymous_237)
FN:2831,(anonymous_238)
FN:2832,(anonymous_239)
FN:2869,(anonymous_240)
FN:2874,(anonymous_241)
FN:2879,(anonymous_242)
FN:2886,(anonymous_243)
FN:2903,(anonymous_244)
FN:2908,(anonymous_245)
FN:2912,(anonymous_246)
FNF:246
FNH:23
FNDA:148,MapService
FNDA:1196,(anonymous_2)
FNDA:1196,(anonymous_3)
FNDA:1139,(anonymous_4)
FNDA:1196,(anonymous_5)
FNDA:0,(anonymous_6)
FNDA:0,(anonymous_7)
FNDA:0,(anonymous_8)
FNDA:0,(anonymous_9)
FNDA:0,(anonymous_10)
FNDA:0,(anonymous_11)
FNDA:0,(anonymous_12)
FNDA:0,(anonymous_13)
FNDA:0,(anonymous_14)
FNDA:0,(anonymous_15)
FNDA:0,(anonymous_16)
FNDA:0,(anonymous_17)
FNDA:0,(anonymous_18)
FNDA:0,(anonymous_19)
FNDA:0,(anonymous_20)
FNDA:0,(anonymous_21)
FNDA:38,(anonymous_22)
FNDA:0,(anonymous_23)
FNDA:0,(anonymous_24)
FNDA:0,(anonymous_25)
FNDA:0,(anonymous_26)
FNDA:0,(anonymous_27)
FNDA:0,(anonymous_28)
FNDA:0,(anonymous_29)
FNDA:0,(anonymous_30)
FNDA:0,(anonymous_31)
FNDA:0,(anonymous_32)
FNDA:0,(anonymous_33)
FNDA:0,(anonymous_34)
FNDA:0,(anonymous_35)
FNDA:0,(anonymous_36)
FNDA:0,(anonymous_37)
FNDA:0,(anonymous_38)
FNDA:0,(anonymous_39)
FNDA:0,(anonymous_40)
FNDA:0,(anonymous_41)
FNDA:0,(anonymous_42)
FNDA:0,(anonymous_43)
FNDA:0,(anonymous_44)
FNDA:0,(anonymous_45)
FNDA:0,(anonymous_46)
FNDA:0,(anonymous_47)
FNDA:0,(anonymous_48)
FNDA:0,(anonymous_49)
FNDA:0,(anonymous_50)
FNDA:0,(anonymous_51)
FNDA:0,(anonymous_52)
FNDA:0,(anonymous_53)
FNDA:0,(anonymous_54)
FNDA:0,(anonymous_55)
FNDA:0,(anonymous_56)
FNDA:0,(anonymous_57)
FNDA:0,(anonymous_58)
FNDA:0,(anonymous_59)
FNDA:0,(anonymous_60)
FNDA:0,(anonymous_61)
FNDA:0,(anonymous_62)
FNDA:0,(anonymous_63)
FNDA:0,(anonymous_64)
FNDA:0,(anonymous_65)
FNDA:0,(anonymous_66)
FNDA:0,(anonymous_67)
FNDA:0,(anonymous_68)
FNDA:0,(anonymous_69)
FNDA:0,(anonymous_70)
FNDA:0,(anonymous_71)
FNDA:0,(anonymous_72)
FNDA:0,(anonymous_73)
FNDA:0,(anonymous_74)
FNDA:0,(anonymous_75)
FNDA:0,(anonymous_76)
FNDA:0,(anonymous_77)
FNDA:0,(anonymous_78)
FNDA:0,(anonymous_79)
FNDA:0,(anonymous_80)
FNDA:0,(anonymous_81)
FNDA:0,(anonymous_82)
FNDA:0,(anonymous_83)
FNDA:0,(anonymous_84)
FNDA:0,(anonymous_85)
FNDA:0,(anonymous_86)
FNDA:0,(anonymous_87)
FNDA:0,(anonymous_88)
FNDA:0,(anonymous_89)
FNDA:0,(anonymous_90)
FNDA:0,(anonymous_91)
FNDA:0,(anonymous_92)
FNDA:0,(anonymous_93)
FNDA:0,(anonymous_94)
FNDA:0,(anonymous_95)
FNDA:0,(anonymous_96)
FNDA:0,(anonymous_97)
FNDA:0,(anonymous_98)
FNDA:0,(anonymous_99)
FNDA:0,(anonymous_100)
FNDA:0,(anonymous_101)
FNDA:0,(anonymous_102)
FNDA:0,(anonymous_103)
FNDA:0,(anonymous_104)
FNDA:0,(anonymous_105)
FNDA:0,(anonymous_106)
FNDA:0,(anonymous_107)
FNDA:0,(anonymous_108)
FNDA:0,(anonymous_109)
FNDA:0,(anonymous_110)
FNDA:0,(anonymous_111)
FNDA:0,(anonymous_112)
FNDA:0,(anonymous_113)
FNDA:0,(anonymous_114)
FNDA:0,(anonymous_115)
FNDA:0,(anonymous_116)
FNDA:0,(anonymous_117)
FNDA:0,(anonymous_118)
FNDA:0,(anonymous_119)
FNDA:0,(anonymous_120)
FNDA:0,(anonymous_121)
FNDA:0,(anonymous_122)
FNDA:0,(anonymous_123)
FNDA:0,(anonymous_124)
FNDA:0,(anonymous_125)
FNDA:0,(anonymous_126)
FNDA:0,(anonymous_127)
FNDA:0,(anonymous_128)
FNDA:0,(anonymous_129)
FNDA:0,(anonymous_130)
FNDA:0,(anonymous_131)
FNDA:0,(anonymous_132)
FNDA:0,(anonymous_133)
FNDA:0,(anonymous_134)
FNDA:0,(anonymous_135)
FNDA:0,(anonymous_136)
FNDA:0,(anonymous_137)
FNDA:0,(anonymous_138)
FNDA:0,(anonymous_139)
FNDA:0,(anonymous_140)
FNDA:0,(anonymous_141)
FNDA:0,(anonymous_142)
FNDA:0,(anonymous_143)
FNDA:0,(anonymous_144)
FNDA:0,(anonymous_145)
FNDA:0,(anonymous_146)
FNDA:0,(anonymous_147)
FNDA:0,(anonymous_148)
FNDA:0,(anonymous_149)
FNDA:0,(anonymous_150)
FNDA:0,(anonymous_151)
FNDA:0,(anonymous_152)
FNDA:0,(anonymous_153)
FNDA:24,(anonymous_154)
FNDA:0,(anonymous_155)
FNDA:2,(anonymous_156)
FNDA:0,setParent
FNDA:76,(anonymous_158)
FNDA:0,(anonymous_159)
FNDA:0,(anonymous_160)
FNDA:1,(anonymous_161)
FNDA:5,(anonymous_162)
FNDA:0,(anonymous_163)
FNDA:0,(anonymous_164)
FNDA:0,(anonymous_165)
FNDA:0,(anonymous_166)
FNDA:8,(anonymous_167)
FNDA:0,(anonymous_168)
FNDA:0,(anonymous_169)
FNDA:0,(anonymous_170)
FNDA:0,(anonymous_171)
FNDA:0,(anonymous_172)
FNDA:0,(anonymous_173)
FNDA:234,(anonymous_174)
FNDA:0,(anonymous_175)
FNDA:223,(anonymous_176)
FNDA:0,(anonymous_177)
FNDA:0,(anonymous_178)
FNDA:0,(anonymous_179)
FNDA:0,(anonymous_180)
FNDA:0,(anonymous_181)
FNDA:0,(anonymous_182)
FNDA:0,(anonymous_183)
FNDA:0,(anonymous_184)
FNDA:0,(anonymous_185)
FNDA:0,(anonymous_186)
FNDA:0,(anonymous_187)
FNDA:0,(anonymous_188)
FNDA:1,(anonymous_189)
FNDA:1,(anonymous_190)
FNDA:0,(anonymous_191)
FNDA:0,(anonymous_192)
FNDA:0,(anonymous_193)
FNDA:0,(anonymous_194)
FNDA:0,(anonymous_195)
FNDA:6,(anonymous_196)
FNDA:35,(anonymous_197)
FNDA:0,(anonymous_198)
FNDA:0,(anonymous_199)
FNDA:0,(anonymous_200)
FNDA:0,(anonymous_201)
FNDA:0,(anonymous_202)
FNDA:1,(anonymous_203)
FNDA:0,(anonymous_204)
FNDA:0,(anonymous_205)
FNDA:0,(anonymous_206)
FNDA:0,(anonymous_207)
FNDA:0,(anonymous_208)
FNDA:0,(anonymous_209)
FNDA:0,(anonymous_210)
FNDA:0,(anonymous_211)
FNDA:0,(anonymous_212)
FNDA:0,(anonymous_213)
FNDA:0,(anonymous_214)
FNDA:0,(anonymous_215)
FNDA:0,(anonymous_216)
FNDA:0,(anonymous_217)
FNDA:0,(anonymous_218)
FNDA:38,(anonymous_219)
FNDA:0,(anonymous_220)
FNDA:0,(anonymous_221)
FNDA:0,(anonymous_222)
FNDA:0,(anonymous_223)
FNDA:2,(anonymous_224)
FNDA:1,(anonymous_225)
FNDA:2,(anonymous_226)
FNDA:0,(anonymous_227)
FNDA:0,(anonymous_228)
FNDA:0,(anonymous_229)
FNDA:0,(anonymous_230)
FNDA:0,(anonymous_231)
FNDA:0,(anonymous_232)
FNDA:0,(anonymous_233)
FNDA:0,(anonymous_234)
FNDA:0,(anonymous_235)
FNDA:0,(anonymous_236)
FNDA:0,(anonymous_237)
FNDA:0,(anonymous_238)
FNDA:0,(anonymous_239)
FNDA:0,(anonymous_240)
FNDA:0,(anonymous_241)
FNDA:0,(anonymous_242)
FNDA:0,(anonymous_243)
FNDA:0,(anonymous_244)
FNDA:0,(anonymous_245)
FNDA:0,(anonymous_246)
DA:3,1
DA:18,148
DA:20,148
DA:36,148
DA:38,148
DA:39,135
DA:41,13
DA:44,148
DA:56,148
DA:69,148
DA:75,148
DA:77,148
DA:79,148
DA:82,148
DA:94,148
DA:99,148
DA:104,148
DA:110,148
DA:112,148
DA:114,148
DA:116,148
DA:117,1196
DA:118,1196
DA:121,148
DA:122,1196
DA:123,1196
DA:126,148
DA:127,1139
DA:128,296
DA:129,296
DA:131,1139
DA:134,148
DA:136,1196
DA:137,1196
DA:139,1196
DA:142,148
DA:143,0
DA:149,148
DA:150,0
DA:156,148
DA:157,0
DA:159,0
DA:160,0
DA:161,0
DA:162,0
DA:166,0
DA:169,148
DA:170,0
DA:174,148
DA:175,0
DA:176,0
DA:185,148
DA:186,0
DA:188,0
DA:189,0
DA:190,0
DA:191,0
DA:192,0
DA:194,0
DA:195,0
DA:196,0
DA:197,0
DA:200,0
DA:201,0
DA:206,0
DA:207,0
DA:209,0
DA:210,0
DA:211,0
DA:212,0
DA:213,0
DA:219,148
DA:220,0
DA:222,0
DA:223,0
DA:224,0
DA:225,0
DA:226,0
DA:228,0
DA:229,0
DA:230,0
DA:231,0
DA:236,0
DA:237,0
DA:239,0
DA:240,0
DA:241,0
DA:246,148
DA:247,0
DA:248,0
DA:251,0
DA:253,0
DA:254,0
DA:255,0
DA:262,0
DA:271,0
DA:275,148
DA:276,0
DA:277,0
DA:280,0
DA:282,0
DA:283,0
DA:284,0
DA:285,0
DA:286,0
DA:287,0
DA:288,0
DA:290,0
DA:291,0
DA:293,0
DA:294,0
DA:296,0
DA:297,0
DA:299,0
DA:301,0
DA:304,148
DA:305,0
DA:306,0
DA:309,0
DA:312,0
DA:313,0
DA:314,0
DA:315,0
DA:316,0
DA:317,0
DA:320,0
DA:321,0
DA:323,0
DA:324,0
DA:326,0
DA:327,0
DA:329,0
DA:332,0
DA:333,0
DA:334,0
DA:335,0
DA:336,0
DA:337,0
DA:339,0
DA:340,0
DA:346,0
DA:349,148
DA:350,0
DA:351,0
DA:359,0
DA:360,0
DA:362,0
DA:365,0
DA:369,148
DA:370,38
DA:373,148
DA:374,0
DA:375,0
DA:379,148
DA:380,0
DA:385,148
DA:386,0
DA:392,148
DA:393,0
DA:401,0
DA:407,0
DA:410,148
DA:411,0
DA:412,0
DA:416,148
DA:417,0
DA:418,0
DA:419,0
DA:422,0
DA:423,0
DA:426,0
DA:427,0
DA:432,148
DA:433,0
DA:434,0
DA:437,0
DA:438,0
DA:441,0
DA:442,0
DA:443,0
DA:447,0
DA:448,0
DA:449,0
DA:454,148
DA:455,0
DA:456,0
DA:457,0
DA:460,0
DA:461,0
DA:463,0
DA:464,0
DA:466,0
DA:469,0
DA:473,0
DA:474,0
DA:476,0
DA:477,0
DA:479,0
DA:480,0
DA:484,0
DA:485,0
DA:490,0
DA:497,0
DA:499,0
DA:500,0
DA:501,0
DA:502,0
DA:503,0
DA:504,0
DA:507,0
DA:521,0
DA:533,0
DA:534,0
DA:536,0
DA:543,0
DA:555,0
DA:567,148
DA:568,0
DA:570,0
DA:571,0
DA:574,0
DA:578,0
DA:581,148
DA:582,0
DA:584,0
DA:585,0
DA:589,0
DA:593,0
DA:596,148
DA:597,0
DA:598,0
DA:601,0
DA:603,0
DA:604,0
DA:605,0
DA:606,0
DA:607,0
DA:610,148
DA:611,0
DA:613,0
DA:614,0
DA:616,0
DA:617,0
DA:620,0
DA:622,0
DA:623,0
DA:626,0
DA:627,0
DA:630,0
DA:634,0
DA:635,0
DA:638,0
DA:639,0
DA:642,0
DA:644,0
DA:645,0
DA:647,0
DA:653,148
DA:654,0
DA:655,0
DA:656,0
DA:659,0
DA:663,148
DA:664,0
DA:666,0
DA:676,0
DA:678,0
DA:688,0
DA:689,0
DA:691,0
DA:692,0
DA:693,0
DA:694,0
DA:695,0
DA:696,0
DA:698,0
DA:699,0
DA:701,0
DA:709,0
DA:710,0
DA:712,0
DA:713,0
DA:714,0
DA:715,0
DA:721,0
DA:724,0
DA:725,0
DA:727,0
DA:728,0
DA:730,0
DA:731,0
DA:733,0
DA:734,0
DA:735,0
DA:736,0
DA:737,0
DA:738,0
DA:742,0
DA:746,0
DA:752,148
DA:753,0
DA:756,0
DA:759,0
DA:761,0
DA:762,0
DA:764,0
DA:765,0
DA:766,0
DA:769,0
DA:770,0
DA:773,0
DA:776,0
DA:777,0
DA:779,0
DA:780,0
DA:781,0
DA:783,0
DA:786,0
DA:787,0
DA:788,0
DA:789,0
DA:792,0
DA:797,0
DA:800,148
DA:801,0
DA:804,0
DA:807,0
DA:808,0
DA:809,0
DA:810,0
DA:811,0
DA:812,0
DA:815,0
DA:817,0
DA:820,0
DA:823,0
DA:826,148
DA:827,0
DA:830,0
DA:831,0
DA:832,0
DA:833,0
DA:834,0
DA:835,0
DA:837,0
DA:838,0
DA:841,0
DA:842,0
DA:845,0
DA:846,0
DA:851,0
DA:852,0
DA:853,0
DA:854,0
DA:855,0
DA:859,0
DA:861,0
DA:862,0
DA:866,0
DA:867,0
DA:869,0
DA:872,0
DA:877,0
DA:880,0
DA:883,0
DA:884,0
DA:885,0
DA:886,0
DA:890,0
DA:893,0
DA:894,0
DA:896,0
DA:897,0
DA:901,148
DA:902,0
DA:904,0
DA:905,0
DA:906,0
DA:909,0
DA:910,0
DA:911,0
DA:912,0
DA:913,0
DA:914,0
DA:917,0
DA:918,0
DA:923,0
DA:924,0
DA:925,0
DA:929,148
DA:930,0
DA:931,0
DA:934,0
DA:937,0
DA:938,0
DA:940,0
DA:943,0
DA:944,0
DA:949,0
DA:950,0
DA:951,0
DA:952,0
DA:957,0
DA:958,0
DA:960,0
DA:961,0
DA:963,0
DA:965,0
DA:966,0
DA:967,0
DA:970,0
DA:990,0
DA:994,0
DA:995,0
DA:997,0
DA:1002,0
DA:1003,0
DA:1004,0
DA:1009,0
DA:1011,0
DA:1012,0
DA:1014,0
DA:1015,0
DA:1018,0
DA:1020,0
DA:1021,0
DA:1022,0
DA:1023,0
DA:1025,0
DA:1026,0
DA:1028,0
DA:1032,0
DA:1033,0
DA:1036,0
DA:1037,0
DA:1038,0
DA:1040,0
DA:1041,0
DA:1045,0
DA:1046,0
DA:1048,0
DA:1049,0
DA:1050,0
DA:1051,0
DA:1052,0
DA:1053,0
DA:1056,0
DA:1058,0
DA:1059,0
DA:1060,0
DA:1063,0
DA:1064,0
DA:1065,0
DA:1066,0
DA:1067,0
DA:1069,0
DA:1070,0
DA:1071,0
DA:1072,0
DA:1073,0
DA:1074,0
DA:1075,0
DA:1076,0
DA:1078,0
DA:1079,0
DA:1080,0
DA:1081,0
DA:1085,0
DA:1086,0
DA:1087,0
DA:1093,0
DA:1094,0
DA:1097,0
DA:1100,148
DA:1101,0
DA:1102,0
DA:1105,0
DA:1108,0
DA:1114,0
DA:1117,0
DA:1118,0
DA:1119,0
DA:1122,0
DA:1125,0
DA:1126,0
DA:1127,0
DA:1130,0
DA:1187,0
DA:1188,0
DA:1190,0
DA:1192,0
DA:1193,0
DA:1195,0
DA:1198,0
DA:1199,0
DA:1201,0
DA:1206,0
DA:1207,0
DA:1214,0
DA:1219,0
DA:1220,0
DA:1222,0
DA:1223,0
DA:1224,0
DA:1226,0
DA:1228,0
DA:1231,0
DA:1232,0
DA:1233,0
DA:1234,0
DA:1236,0
DA:1238,0
DA:1242,0
DA:1243,0
DA:1246,0
DA:1249,148
DA:1250,0
DA:1252,0
DA:1253,0
DA:1254,0
DA:1257,0
DA:1258,0
DA:1261,0
DA:1262,0
DA:1269,0
DA:1271,0
DA:1272,0
DA:1276,0
DA:1278,0
DA:1279,0
DA:1280,0
DA:1285,0
DA:1286,0
DA:1288,0
DA:1289,0
DA:1290,0
DA:1291,0
DA:1293,0
DA:1296,0
DA:1299,0
DA:1301,0
DA:1302,0
DA:1304,0
DA:1305,0
DA:1309,0
DA:1312,0
DA:1313,0
DA:1316,0
DA:1317,0
DA:1318,0
DA:1323,148
DA:1324,0
DA:1327,0
DA:1330,148
DA:1332,0
DA:1335,148
DA:1336,0
DA:1337,0
DA:1339,0
DA:1340,0
DA:1342,0
DA:1344,0
DA:1345,0
DA:1347,0
DA:1348,0
DA:1352,0
DA:1355,148
DA:1356,0
DA:1357,0
DA:1363,0
DA:1364,0
DA:1370,0
DA:1371,0
DA:1374,0
DA:1375,0
DA:1376,0
DA:1379,0
DA:1380,0
DA:1381,0
DA:1385,0
DA:1386,0
DA:1387,0
DA:1389,0
DA:1391,0
DA:1392,0
DA:1395,0
DA:1397,0
DA:1398,0
DA:1403,0
DA:1404,0
DA:1405,0
DA:1406,0
DA:1415,0
DA:1416,0
DA:1419,0
DA:1420,0
DA:1421,0
DA:1422,0
DA:1425,0
DA:1433,0
DA:1443,0
DA:1444,0
DA:1445,0
DA:1446,0
DA:1452,0
DA:1453,0
DA:1454,0
DA:1455,0
DA:1457,0
DA:1458,0
DA:1461,0
DA:1462,0
DA:1463,0
DA:1471,148
DA:1472,0
DA:1473,0
DA:1476,0
DA:1477,0
DA:1480,0
DA:1481,0
DA:1482,0
DA:1484,0
DA:1487,0
DA:1491,0
DA:1497,0
DA:1498,0
DA:1501,0
DA:1505,0
DA:1507,0
DA:1514,0
DA:1524,0
DA:1525,0
DA:1530,0
DA:1531,0
DA:1532,0
DA:1533,0
DA:1534,0
DA:1537,0
DA:1540,0
DA:1541,0
DA:1544,0
DA:1545,0
DA:1546,0
DA:1547,0
DA:1548,0
DA:1553,0
DA:1554,0
DA:1557,0
DA:1558,0
DA:1561,0
DA:1562,0
DA:1563,0
DA:1564,0
DA:1568,0
DA:1569,0
DA:1570,0
DA:1571,0
DA:1573,0
DA:1574,0
DA:1576,0
DA:1577,0
DA:1578,0
DA:1580,0
DA:1583,0
DA:1584,0
DA:1585,0
DA:1586,0
DA:1588,0
DA:1592,0
DA:1593,0
DA:1594,0
DA:1597,0
DA:1598,0
DA:1604,0
DA:1605,0
DA:1608,0
DA:1613,0
DA:1614,0
DA:1618,0
DA:1620,0
DA:1621,0
DA:1622,0
DA:1623,0
DA:1625,0
DA:1626,0
DA:1629,0
DA:1636,0
DA:1637,0
DA:1640,0
DA:1641,0
DA:1644,0
DA:1645,0
DA:1647,0
DA:1667,0
DA:1668,0
DA:1669,0
DA:1672,0
DA:1674,0
DA:1677,0
DA:1680,0
DA:1681,0
DA:1683,0
DA:1685,0
DA:1686,0
DA:1687,0
DA:1688,0
DA:1690,0
DA:1694,0
DA:1697,148
DA:1698,0
DA:1699,0
DA:1702,0
DA:1704,0
DA:1705,0
DA:1706,0
DA:1707,0
DA:1708,0
DA:1709,0
DA:1710,0
DA:1712,0
DA:1713,0
DA:1715,0
DA:1717,0
DA:1718,0
DA:1719,0
DA:1722,148
DA:1723,0
DA:1726,148
DA:1727,0
DA:1730,148
DA:1731,0
DA:1734,148
DA:1735,0
DA:1738,148
DA:1739,0
DA:1742,148
DA:1743,0
DA:1744,0
DA:1747,0
DA:1748,0
DA:1749,0
DA:1750,0
DA:1752,0
DA:1753,0
DA:1754,0
DA:1755,0
DA:1756,0
DA:1763,148
DA:1764,0
DA:1769,0
DA:1771,0
DA:1772,0
DA:1774,0
DA:1775,0
DA:1776,0
DA:1779,0
DA:1783,0
DA:1784,0
DA:1785,0
DA:1786,0
DA:1787,0
DA:1789,0
DA:1790,0
DA:1791,0
DA:1792,0
DA:1796,0
DA:1799,0
DA:1802,0
DA:1803,0
DA:1807,0
DA:1808,0
DA:1811,0
DA:1814,0
DA:1815,0
DA:1818,0
DA:1819,0
DA:1820,0
DA:1821,0
DA:1822,0
DA:1825,0
DA:1826,0
DA:1829,0
DA:1833,148
DA:1834,0
DA:1835,0
DA:1838,0
DA:1841,148
DA:1842,0
DA:1843,0
DA:1844,0
DA:1846,0
DA:1847,0
DA:1848,0
DA:1850,0
DA:1856,148
DA:1857,0
DA:1858,0
DA:1862,148
DA:1863,0
DA:1866,148
DA:1867,0
DA:1870,0
DA:1871,0
DA:1872,0
DA:1873,0
DA:1874,0
DA:1875,0
DA:1879,0
DA:1883,0
DA:1887,148
DA:1888,0
DA:1889,0
DA:1890,0
DA:1893,0
DA:1895,0
DA:1896,0
DA:1897,0
DA:1902,148
DA:1903,0
DA:1905,0
DA:1909,148
DA:1910,0
DA:1911,0
DA:1915,148
DA:1916,0
DA:1918,0
DA:1922,148
DA:1923,0
DA:1924,0
DA:1927,0
DA:1928,0
DA:1932,148
DA:1933,0
DA:1936,148
DA:1937,0
DA:1938,0
DA:1941,0
DA:1945,0
DA:1951,0
DA:1952,0
DA:1959,148
DA:1960,0
DA:1961,0
DA:1962,0
DA:1964,0
DA:1971,148
DA:1972,0
DA:1979,148
DA:1980,0
DA:1981,0
DA:1983,0
DA:1984,0
DA:1985,0
DA:1989,0
DA:1992,0
DA:1993,0
DA:2000,0
DA:2001,0
DA:2002,0
DA:2003,0
DA:2004,0
DA:2005,0
DA:2007,0
DA:2009,0
DA:2014,148
DA:2015,0
DA:2016,0
DA:2017,0
DA:2018,0
DA:2026,0
DA:2027,0
DA:2029,0
DA:2030,0
DA:2031,0
DA:2033,0
DA:2035,0
DA:2040,148
DA:2041,24
DA:2042,0
DA:2043,0
DA:2044,0
DA:2045,0
DA:2047,0
DA:2048,0
DA:2054,148
DA:2055,0
DA:2056,0
DA:2057,0
DA:2058,0
DA:2060,0
DA:2061,0
DA:2062,0
DA:2067,148
DA:2068,2
DA:2069,2
DA:2070,2
DA:2074,2
DA:2075,0
DA:2078,0
DA:2080,0
DA:2081,0
DA:2083,1
DA:2084,0
DA:2086,0
DA:2090,2
DA:2091,2
DA:2095,2
DA:2096,2
DA:2103,148
DA:2105,76
DA:2106,0
DA:2110,0
DA:2115,76
DA:2119,148
DA:2120,0
DA:2121,0
DA:2122,0
DA:2129,148
DA:2130,1
DA:2131,0
DA:2132,0
DA:2133,0
DA:2134,0
DA:2135,0
DA:2136,0
DA:2137,0
DA:2139,0
DA:2140,0
DA:2143,0
DA:2144,0
DA:2150,148
DA:2151,5
DA:2154,148
DA:2155,0
DA:2156,0
DA:2158,0
DA:2159,0
DA:2164,148
DA:2165,0
DA:2166,0
DA:2167,0
DA:2171,148
DA:2172,0
DA:2175,148
DA:2176,8
DA:2179,148
DA:2180,0
DA:2183,148
DA:2184,0
DA:2187,148
DA:2188,0
DA:2191,148
DA:2192,0
DA:2195,148
DA:2196,0
DA:2199,148
DA:2200,0
DA:2203,148
DA:2204,234
DA:2206,234
DA:2207,0
DA:2208,0
DA:2210,0
DA:2214,234
DA:2215,234
DA:2216,223
DA:2217,0
DA:2222,0
DA:2223,0
DA:2229,0
DA:2230,0
DA:2234,234
DA:2237,148
DA:2238,0
DA:2241,0
DA:2242,0
DA:2243,0
DA:2244,0
DA:2248,0
DA:2251,148
DA:2252,0
DA:2254,0
DA:2255,0
DA:2257,0
DA:2260,0
DA:2263,148
DA:2264,0
DA:2266,0
DA:2267,0
DA:2268,0
DA:2270,0
DA:2274,0
DA:2275,0
DA:2277,0
DA:2278,0
DA:2279,0
DA:2284,0
DA:2287,148
DA:2288,0
DA:2290,0
DA:2291,0
DA:2292,0
DA:2294,0
DA:2298,0
DA:2299,0
DA:2301,0
DA:2302,0
DA:2303,0
DA:2308,0
DA:2311,148
DA:2312,0
DA:2315,148
DA:2316,1
DA:2317,1
DA:2323,1
DA:2326,148
DA:2327,1
DA:2330,148
DA:2331,0
DA:2334,148
DA:2335,0
DA:2341,0
DA:2344,148
DA:2345,0
DA:2348,148
DA:2349,0
DA:2350,0
DA:2354,148
DA:2355,0
DA:2358,148
DA:2359,6
DA:2360,0
DA:2361,0
DA:2365,148
DA:2366,35
DA:2367,0
DA:2368,0
DA:2369,0
DA:2370,0
DA:2371,0
DA:2372,0
DA:2373,0
DA:2375,0
DA:2376,0
DA:2377,0
DA:2379,0
DA:2380,0
DA:2381,0
DA:2383,0
DA:2384,0
DA:2385,0
DA:2386,0
DA:2387,0
DA:2389,0
DA:2390,0
DA:2391,0
DA:2392,0
DA:2393,0
DA:2394,0
DA:2396,0
DA:2397,0
DA:2398,0
DA:2405,148
DA:2406,0
DA:2409,148
DA:2410,0
DA:2413,148
DA:2414,0
DA:2417,148
DA:2418,0
DA:2421,148
DA:2422,1
DA:2423,0
DA:2427,148
DA:2428,0
DA:2429,0
DA:2430,0
DA:2431,0
DA:2432,0
DA:2433,0
DA:2434,0
DA:2435,0
DA:2436,0
DA:2437,0
DA:2441,148
DA:2442,0
DA:2443,0
DA:2444,0
DA:2445,0
DA:2446,0
DA:2447,0
DA:2448,0
DA:2449,0
DA:2450,0
DA:2451,0
DA:2455,148
DA:2456,0
DA:2459,148
DA:2460,0
DA:2463,0
DA:2464,0
DA:2466,0
DA:2468,0
DA:2469,0
DA:2470,0
DA:2471,0
DA:2472,0
DA:2477,0
DA:2483,148
DA:2484,0
DA:2485,0
DA:2486,0
DA:2487,0
DA:2488,0
DA:2489,0
DA:2490,0
DA:2495,0
DA:2496,0
DA:2498,0
DA:2500,0
DA:2504,0
DA:2505,0
DA:2509,148
DA:2510,0
DA:2511,0
DA:2512,0
DA:2522,0
DA:2523,0
DA:2524,0
DA:2525,0
DA:2527,0
DA:2529,0
DA:2530,0
DA:2531,0
DA:2532,0
DA:2535,0
DA:2536,0
DA:2539,0
DA:2540,0
DA:2542,0
DA:2543,0
DA:2544,0
DA:2545,0
DA:2547,0
DA:2551,0
DA:2552,0
DA:2555,0
DA:2556,0
DA:2561,148
DA:2562,0
DA:2564,0
DA:2565,0
DA:2566,0
DA:2571,0
DA:2572,0
DA:2573,0
DA:2578,0
DA:2579,0
DA:2583,148
DA:2584,0
DA:2585,0
DA:2588,148
DA:2589,0
DA:2590,0
DA:2591,0
DA:2594,0
DA:2595,0
DA:2596,0
DA:2599,0
DA:2603,148
DA:2604,0
DA:2607,148
DA:2608,38
DA:2611,148
DA:2612,0
DA:2615,148
DA:2616,0
DA:2618,0
DA:2619,0
DA:2621,0
DA:2622,0
DA:2624,0
DA:2626,0
DA:2627,0
DA:2628,0
DA:2631,0
DA:2651,0
DA:2655,0
DA:2656,0
DA:2658,0
DA:2663,0
DA:2664,0
DA:2665,0
DA:2666,0
DA:2667,0
DA:2671,0
DA:2675,148
DA:2676,2
DA:2677,2
DA:2678,0
DA:2680,2
DA:2684,148
DA:2685,1
DA:2686,1
DA:2687,1
DA:2689,0
DA:2693,148
DA:2694,2
DA:2697,148
DA:2698,0
DA:2699,0
DA:2700,0
DA:2704,148
DA:2705,0
DA:2706,0
DA:2707,0
DA:2709,0
DA:2714,0
DA:2716,0
DA:2717,0
DA:2718,0
DA:2720,0
DA:2724,0
DA:2727,0
DA:2728,0
DA:2731,0
DA:2733,0
DA:2734,0
DA:2737,0
DA:2738,0
DA:2740,0
DA:2741,0
DA:2742,0
DA:2744,0
DA:2745,0
DA:2746,0
DA:2747,0
DA:2750,0
DA:2752,0
DA:2753,0
DA:2758,148
DA:2759,0
DA:2760,0
DA:2762,0
DA:2763,0
DA:2764,0
DA:2765,0
DA:2766,0
DA:2767,0
DA:2768,0
DA:2769,0
DA:2770,0
DA:2774,0
DA:2775,0
DA:2780,0
DA:2782,0
DA:2783,0
DA:2784,0
DA:2786,0
DA:2790,0
DA:2791,0
DA:2793,0
DA:2797,0
DA:2801,148
DA:2802,0
DA:2803,0
DA:2804,0
DA:2805,0
DA:2806,0
DA:2807,0
DA:2808,0
DA:2809,0
DA:2810,0
DA:2811,0
DA:2812,0
DA:2816,0
DA:2817,0
DA:2819,0
DA:2823,0
DA:2824,0
DA:2827,0
DA:2831,148
DA:2832,0
DA:2833,0
DA:2834,0
DA:2835,0
DA:2836,0
DA:2838,0
DA:2839,0
DA:2841,0
DA:2842,0
DA:2843,0
DA:2844,0
DA:2845,0
DA:2849,0
DA:2850,0
DA:2855,0
DA:2857,0
DA:2858,0
DA:2859,0
DA:2861,0
DA:2864,0
DA:2865,0
DA:2866,0
DA:2870,0
DA:2874,148
DA:2875,0
DA:2876,0
DA:2879,148
DA:2880,0
DA:2881,0
DA:2882,0
DA:2886,148
DA:2887,0
DA:2888,0
DA:2891,0
DA:2892,0
DA:2897,0
DA:2903,0
DA:2904,0
DA:2908,148
DA:2909,0
DA:2912,148
DA:2913,0
DA:2917,0
DA:2920,148
LF:1326
LH:198
BRDA:23,1,0,0
BRDA:23,1,1,148
BRDA:31,2,0,148
BRDA:31,2,1,0
BRDA:32,3,0,0
BRDA:32,3,1,148
BRDA:32,4,0,0
BRDA:32,4,1,0
BRDA:32,5,0,0
BRDA:32,5,1,0
BRDA:33,6,0,148
BRDA:33,6,1,0
BRDA:33,7,0,148
BRDA:33,7,1,148
BRDA:34,8,0,0
BRDA:34,8,1,148
BRDA:34,9,0,148
BRDA:34,9,1,0
BRDA:34,9,2,0
BRDA:36,10,0,148
BRDA:36,10,1,135
BRDA:36,10,2,135
BRDA:38,11,0,135
BRDA:38,11,1,13
BRDA:127,12,0,296
BRDA:127,12,1,843
BRDA:134,13,0,0
BRDA:134,13,1,148
BRDA:136,14,0,1196
BRDA:136,14,1,0
BRDA:143,15,0,0
BRDA:143,15,1,0
BRDA:143,15,2,0
BRDA:143,15,3,0
BRDA:150,16,0,0
BRDA:150,16,1,0
BRDA:150,16,2,0
BRDA:150,16,3,0
BRDA:160,17,0,0
BRDA:160,17,1,0
BRDA:170,18,0,0
BRDA:170,18,1,0
BRDA:175,19,0,0
BRDA:175,19,1,0
BRDA:175,20,0,0
BRDA:175,20,1,0
BRDA:188,21,0,0
BRDA:188,21,1,0
BRDA:189,22,0,0
BRDA:189,22,1,0
BRDA:191,23,0,0
BRDA:191,23,1,0
BRDA:194,24,0,0
BRDA:194,24,1,0
BRDA:194,25,0,0
BRDA:194,25,1,0
BRDA:194,25,2,0
BRDA:195,26,0,0
BRDA:195,26,1,0
BRDA:206,27,0,0
BRDA:206,27,1,0
BRDA:209,28,0,0
BRDA:209,28,1,0
BRDA:212,29,0,0
BRDA:212,29,1,0
BRDA:222,30,0,0
BRDA:222,30,1,0
BRDA:223,31,0,0
BRDA:223,31,1,0
BRDA:225,32,0,0
BRDA:225,32,1,0
BRDA:228,33,0,0
BRDA:228,33,1,0
BRDA:228,34,0,0
BRDA:228,34,1,0
BRDA:228,34,2,0
BRDA:229,35,0,0
BRDA:229,35,1,0
BRDA:236,36,0,0
BRDA:236,36,1,0
BRDA:239,37,0,0
BRDA:239,37,1,0
BRDA:247,38,0,0
BRDA:247,38,1,0
BRDA:251,39,0,0
BRDA:251,39,1,0
BRDA:253,40,0,0
BRDA:253,40,1,0
BRDA:254,41,0,0
BRDA:254,41,1,0
BRDA:254,42,0,0
BRDA:254,42,1,0
BRDA:254,42,2,0
BRDA:256,43,0,0
BRDA:256,43,1,0
BRDA:256,43,2,0
BRDA:257,44,0,0
BRDA:257,44,1,0
BRDA:257,44,2,0
BRDA:263,45,0,0
BRDA:263,45,1,0
BRDA:263,45,2,0
BRDA:264,46,0,0
BRDA:264,46,1,0
BRDA:264,46,2,0
BRDA:265,47,0,0
BRDA:265,47,1,0
BRDA:265,47,2,0
BRDA:266,48,0,0
BRDA:266,48,1,0
BRDA:266,48,2,0
BRDA:266,48,3,0
BRDA:276,49,0,0
BRDA:276,49,1,0
BRDA:280,50,0,0
BRDA:280,50,1,0
BRDA:282,51,0,0
BRDA:282,51,1,0
BRDA:284,52,0,0
BRDA:284,52,1,0
BRDA:286,53,0,0
BRDA:286,53,1,0
BRDA:286,54,0,0
BRDA:286,54,1,0
BRDA:287,55,0,0
BRDA:287,55,1,0
BRDA:290,56,0,0
BRDA:290,56,1,0
BRDA:293,57,0,0
BRDA:293,57,1,0
BRDA:296,58,0,0
BRDA:296,58,1,0
BRDA:305,59,0,0
BRDA:305,59,1,0
BRDA:309,60,0,0
BRDA:309,60,1,0
BRDA:312,61,0,0
BRDA:312,61,1,0
BRDA:315,62,0,0
BRDA:315,62,1,0
BRDA:315,63,0,0
BRDA:315,63,1,0
BRDA:316,64,0,0
BRDA:316,64,1,0
BRDA:320,65,0,0
BRDA:320,65,1,0
BRDA:323,66,0,0
BRDA:323,66,1,0
BRDA:326,67,0,0
BRDA:326,67,1,0
BRDA:332,68,0,0
BRDA:332,68,1,0
BRDA:336,69,0,0
BRDA:336,69,1,0
BRDA:339,70,0,0
BRDA:339,70,1,0
BRDA:380,71,0,0
BRDA:380,71,1,0
BRDA:380,71,2,0
BRDA:386,72,0,0
BRDA:386,72,1,0
BRDA:386,72,2,0
BRDA:386,72,3,0
BRDA:411,73,0,0
BRDA:411,73,1,0
BRDA:417,74,0,0
BRDA:417,74,1,0
BRDA:423,75,0,0
BRDA:423,75,1,0
BRDA:423,76,0,0
BRDA:423,76,1,0
BRDA:423,76,2,0
BRDA:433,77,0,0
BRDA:433,77,1,0
BRDA:437,78,0,0
BRDA:437,78,1,0
BRDA:442,79,0,0
BRDA:442,79,1,0
BRDA:448,80,0,0
BRDA:448,80,1,0
BRDA:455,81,0,0
BRDA:455,81,1,0
BRDA:469,82,0,0
BRDA:469,82,1,0
BRDA:469,83,0,0
BRDA:469,83,1,0
BRDA:469,83,2,0
BRDA:469,83,3,0
BRDA:469,83,4,0
BRDA:476,84,0,0
BRDA:476,84,1,0
BRDA:479,85,0,0
BRDA:479,85,1,0
BRDA:484,86,0,0
BRDA:484,86,1,0
BRDA:499,87,0,0
BRDA:499,87,1,0
BRDA:499,88,0,0
BRDA:499,88,1,0
BRDA:501,89,0,0
BRDA:501,89,1,0
BRDA:501,90,0,0
BRDA:501,90,1,0
BRDA:503,91,0,0
BRDA:503,91,1,0
BRDA:503,92,0,0
BRDA:503,92,1,0
BRDA:518,93,0,0
BRDA:518,93,1,0
BRDA:525,94,0,0
BRDA:525,94,1,0
BRDA:525,95,0,0
BRDA:525,95,1,0
BRDA:533,96,0,0
BRDA:533,96,1,0
BRDA:533,97,0,0
BRDA:533,97,1,0
BRDA:533,97,2,0
BRDA:570,98,0,0
BRDA:570,98,1,0
BRDA:570,99,0,0
BRDA:570,99,1,0
BRDA:571,100,0,0
BRDA:571,100,1,0
BRDA:571,101,0,0
BRDA:571,101,1,0
BRDA:571,101,2,0
BRDA:584,102,0,0
BRDA:584,102,1,0
BRDA:584,103,0,0
BRDA:584,103,1,0
BRDA:585,104,0,0
BRDA:585,104,1,0
BRDA:585,105,0,0
BRDA:585,105,1,0
BRDA:585,105,2,0
BRDA:585,105,3,0
BRDA:597,106,0,0
BRDA:597,106,1,0
BRDA:613,107,0,0
BRDA:613,107,1,0
BRDA:616,108,0,0
BRDA:616,108,1,0
BRDA:622,109,0,0
BRDA:622,109,1,0
BRDA:627,110,0,0
BRDA:627,110,1,0
BRDA:627,111,0,0
BRDA:627,111,1,0
BRDA:627,111,2,0
BRDA:638,112,0,0
BRDA:638,112,1,0
BRDA:644,113,0,0
BRDA:644,113,1,0
BRDA:655,114,0,0
BRDA:655,114,1,0
BRDA:693,115,0,0
BRDA:693,115,1,0
BRDA:693,116,0,0
BRDA:693,116,1,0
BRDA:695,117,0,0
BRDA:695,117,1,0
BRDA:698,118,0,0
BRDA:698,118,1,0
BRDA:712,119,0,0
BRDA:712,119,1,0
BRDA:712,120,0,0
BRDA:712,120,1,0
BRDA:712,120,2,0
BRDA:712,120,3,0
BRDA:733,121,0,0
BRDA:733,121,1,0
BRDA:736,122,0,0
BRDA:736,122,1,0
BRDA:756,123,0,0
BRDA:756,123,1,0
BRDA:756,124,0,0
BRDA:756,124,1,0
BRDA:769,125,0,0
BRDA:769,125,1,0
BRDA:776,126,0,0
BRDA:776,126,1,0
BRDA:776,127,0,0
BRDA:776,127,1,0
BRDA:780,128,0,0
BRDA:780,128,1,0
BRDA:788,129,0,0
BRDA:788,129,1,0
BRDA:804,130,0,0
BRDA:804,130,1,0
BRDA:804,131,0,0
BRDA:804,131,1,0
BRDA:804,131,2,0
BRDA:831,132,0,0
BRDA:831,132,1,0
BRDA:832,133,0,0
BRDA:832,133,1,0
BRDA:832,134,0,0
BRDA:832,134,1,0
BRDA:834,135,0,0
BRDA:834,135,1,0
BRDA:834,136,0,0
BRDA:834,136,1,0
BRDA:834,137,0,0
BRDA:834,137,1,0
BRDA:837,138,0,0
BRDA:837,138,1,0
BRDA:883,139,0,0
BRDA:883,139,1,0
BRDA:885,140,0,0
BRDA:885,140,1,0
BRDA:904,141,0,0
BRDA:904,141,1,0
BRDA:905,142,0,0
BRDA:905,142,1,0
BRDA:909,143,0,0
BRDA:909,143,1,0
BRDA:911,144,0,0
BRDA:911,144,1,0
BRDA:917,145,0,0
BRDA:917,145,1,0
BRDA:923,146,0,0
BRDA:923,146,1,0
BRDA:930,147,0,0
BRDA:930,147,1,0
BRDA:960,148,0,0
BRDA:960,148,1,0
BRDA:965,149,0,0
BRDA:965,149,1,0
BRDA:965,150,0,0
BRDA:965,150,1,0
BRDA:965,150,2,0
BRDA:966,151,0,0
BRDA:966,151,1,0
BRDA:994,152,0,0
BRDA:994,152,1,0
BRDA:1011,153,0,0
BRDA:1011,153,1,0
BRDA:1011,154,0,0
BRDA:1011,154,1,0
BRDA:1011,154,2,0
BRDA:1011,154,3,0
BRDA:1011,154,4,0
BRDA:1014,155,0,0
BRDA:1014,155,1,0
BRDA:1014,156,0,0
BRDA:1014,156,1,0
BRDA:1014,156,2,0
BRDA:1014,156,3,0
BRDA:1020,157,0,0
BRDA:1020,157,1,0
BRDA:1022,158,0,0
BRDA:1022,158,1,0
BRDA:1025,159,0,0
BRDA:1025,159,1,0
BRDA:1037,160,0,0
BRDA:1037,160,1,0
BRDA:1038,161,0,0
BRDA:1038,161,1,0
BRDA:1038,161,2,0
BRDA:1040,162,0,0
BRDA:1040,162,1,0
BRDA:1045,163,0,0
BRDA:1045,163,1,0
BRDA:1048,164,0,0
BRDA:1048,164,1,0
BRDA:1050,165,0,0
BRDA:1050,165,1,0
BRDA:1052,166,0,0
BRDA:1052,166,1,0
BRDA:1064,167,0,0
BRDA:1064,167,1,0
BRDA:1064,168,0,0
BRDA:1064,168,1,0
BRDA:1071,169,0,0
BRDA:1071,169,1,0
BRDA:1073,170,0,0
BRDA:1073,170,1,0
BRDA:1101,171,0,0
BRDA:1101,171,1,0
BRDA:1114,172,0,0
BRDA:1114,172,1,0
BRDA:1114,173,0,0
BRDA:1114,173,1,0
BRDA:1114,173,2,0
BRDA:1125,174,0,0
BRDA:1125,174,1,0
BRDA:1192,175,0,0
BRDA:1192,175,1,0
BRDA:1198,176,0,0
BRDA:1198,176,1,0
BRDA:1219,177,0,0
BRDA:1219,177,1,0
BRDA:1222,178,0,0
BRDA:1222,178,1,0
BRDA:1233,179,0,0
BRDA:1233,179,1,0
BRDA:1253,180,0,0
BRDA:1253,180,1,0
BRDA:1257,181,0,0
BRDA:1257,181,1,0
BRDA:1257,182,0,0
BRDA:1257,182,1,0
BRDA:1261,183,0,0
BRDA:1261,183,1,0
BRDA:1276,184,0,0
BRDA:1276,184,1,0
BRDA:1276,185,0,0
BRDA:1276,185,1,0
BRDA:1279,186,0,0
BRDA:1279,186,1,0
BRDA:1289,187,0,0
BRDA:1289,187,1,0
BRDA:1290,188,0,0
BRDA:1290,188,1,0
BRDA:1304,189,0,0
BRDA:1304,189,1,0
BRDA:1309,190,0,0
BRDA:1309,190,1,0
BRDA:1336,191,0,0
BRDA:1336,191,1,0
BRDA:1339,192,0,0
BRDA:1339,192,1,0
BRDA:1345,193,0,0
BRDA:1345,193,1,0
BRDA:1347,194,0,0
BRDA:1347,194,1,0
BRDA:1363,195,0,0
BRDA:1363,195,1,0
BRDA:1370,196,0,0
BRDA:1370,196,1,0
BRDA:1370,197,0,0
BRDA:1370,197,1,0
BRDA:1374,198,0,0
BRDA:1374,198,1,0
BRDA:1386,199,0,0
BRDA:1386,199,1,0
BRDA:1397,200,0,0
BRDA:1397,200,1,0
BRDA:1405,201,0,0
BRDA:1405,201,1,0
BRDA:1420,202,0,0
BRDA:1420,202,1,0
BRDA:1445,203,0,0
BRDA:1445,203,1,0
BRDA:1452,204,0,0
BRDA:1452,204,1,0
BRDA:1472,205,0,0
BRDA:1472,205,1,0
BRDA:1472,206,0,0
BRDA:1472,206,1,0
BRDA:1476,207,0,0
BRDA:1476,207,1,0
BRDA:1480,208,0,0
BRDA:1480,208,1,0
BRDA:1480,209,0,0
BRDA:1480,209,1,0
BRDA:1481,210,0,0
BRDA:1481,210,1,0
BRDA:1497,211,0,0
BRDA:1497,211,1,0
BRDA:1524,212,0,0
BRDA:1524,212,1,0
BRDA:1524,213,0,0
BRDA:1524,213,1,0
BRDA:1524,213,2,0
BRDA:1532,214,0,0
BRDA:1532,214,1,0
BRDA:1561,215,0,0
BRDA:1561,215,1,0
BRDA:1585,216,0,0
BRDA:1585,216,1,0
BRDA:1597,217,0,0
BRDA:1597,217,1,0
BRDA:1604,218,0,0
BRDA:1604,218,1,0
BRDA:1609,219,0,0
BRDA:1609,219,1,0
BRDA:1609,220,0,0
BRDA:1609,220,1,0
BRDA:1609,220,2,0
BRDA:1610,221,0,0
BRDA:1610,221,1,0
BRDA:1610,222,0,0
BRDA:1610,222,1,0
BRDA:1610,222,2,0
BRDA:1613,223,0,0
BRDA:1613,223,1,0
BRDA:1613,224,0,0
BRDA:1613,224,1,0
BRDA:1613,224,2,0
BRDA:1614,225,0,0
BRDA:1614,225,1,0
BRDA:1614,226,0,0
BRDA:1614,226,1,0
BRDA:1614,227,0,0
BRDA:1614,227,1,0
BRDA:1614,227,2,0
BRDA:1621,228,0,0
BRDA:1621,228,1,0
BRDA:1636,229,0,0
BRDA:1636,229,1,0
BRDA:1636,230,0,0
BRDA:1636,230,1,0
BRDA:1636,230,2,0
BRDA:1636,230,3,0
BRDA:1640,231,0,0
BRDA:1640,231,1,0
BRDA:1685,232,0,0
BRDA:1685,232,1,0
BRDA:1698,233,0,0
BRDA:1698,233,1,0
BRDA:1698,234,0,0
BRDA:1698,234,1,0
BRDA:1743,235,0,0
BRDA:1743,235,1,0
BRDA:1747,236,0,0
BRDA:1747,236,1,0
BRDA:1753,237,0,0
BRDA:1753,237,1,0
BRDA:1774,238,0,0
BRDA:1774,238,1,0
BRDA:1785,239,0,0
BRDA:1785,239,1,0
BRDA:1789,240,0,0
BRDA:1789,240,1,0
BRDA:1791,241,0,0
BRDA:1791,241,1,0
BRDA:1807,242,0,0
BRDA:1807,242,1,0
BRDA:1811,243,0,0
BRDA:1811,243,1,0
BRDA:1811,244,0,0
BRDA:1811,244,1,0
BRDA:1811,244,2,0
BRDA:1814,245,0,0
BRDA:1814,245,1,0
BRDA:1818,246,0,0
BRDA:1818,246,1,0
BRDA:1820,247,0,0
BRDA:1820,247,1,0
BRDA:1822,248,0,0
BRDA:1822,248,1,0
BRDA:1834,249,0,0
BRDA:1834,249,1,0
BRDA:1842,250,0,0
BRDA:1842,250,1,0
BRDA:1846,251,0,0
BRDA:1846,251,1,0
BRDA:1847,252,0,0
BRDA:1847,252,1,0
BRDA:1870,253,0,0
BRDA:1870,253,1,0
BRDA:1870,254,0,0
BRDA:1870,254,1,0
BRDA:1874,255,0,0
BRDA:1874,255,1,0
BRDA:1888,256,0,0
BRDA:1888,256,1,0
BRDA:1896,257,0,0
BRDA:1896,257,1,0
BRDA:1923,258,0,0
BRDA:1923,258,1,0
BRDA:1937,259,0,0
BRDA:1937,259,1,0
BRDA:1960,260,0,0
BRDA:1960,260,1,0
BRDA:1960,261,0,0
BRDA:1960,261,1,0
BRDA:1980,262,0,0
BRDA:1980,262,1,0
BRDA:1983,263,0,0
BRDA:1983,263,1,0
BRDA:1992,264,0,0
BRDA:1992,264,1,0
BRDA:1992,265,0,0
BRDA:1992,265,1,0
BRDA:2000,266,0,0
BRDA:2000,266,1,0
BRDA:2000,267,0,0
BRDA:2000,267,1,0
BRDA:2003,268,0,0
BRDA:2003,268,1,0
BRDA:2003,269,0,0
BRDA:2003,269,1,0
BRDA:2015,270,0,0
BRDA:2015,270,1,0
BRDA:2016,271,0,0
BRDA:2016,271,1,0
BRDA:2016,272,0,0
BRDA:2016,272,1,0
BRDA:2016,272,2,0
BRDA:2026,273,0,0
BRDA:2026,273,1,0
BRDA:2026,274,0,0
BRDA:2026,274,1,0
BRDA:2026,274,2,0
BRDA:2029,275,0,0
BRDA:2029,275,1,0
BRDA:2029,276,0,0
BRDA:2029,276,1,0
BRDA:2029,276,2,0
BRDA:2041,277,0,0
BRDA:2041,277,1,24
BRDA:2042,278,0,0
BRDA:2042,278,1,0
BRDA:2043,279,0,0
BRDA:2043,279,1,0
BRDA:2055,280,0,0
BRDA:2055,280,1,0
BRDA:2056,281,0,0
BRDA:2056,281,1,0
BRDA:2060,282,0,0
BRDA:2060,282,1,0
BRDA:2068,283,0,2
BRDA:2068,283,1,0
BRDA:2068,284,0,2
BRDA:2068,284,1,2
BRDA:2068,284,2,0
BRDA:2068,284,3,2
BRDA:2074,285,0,0
BRDA:2074,285,1,2
BRDA:2074,286,0,2
BRDA:2074,286,1,0
BRDA:2074,286,2,0
BRDA:2080,287,0,0
BRDA:2080,287,1,0
BRDA:2105,288,0,0
BRDA:2105,288,1,76
BRDA:2130,289,0,0
BRDA:2130,289,1,1
BRDA:2133,290,0,0
BRDA:2133,290,1,0
BRDA:2133,291,0,0
BRDA:2133,291,1,0
BRDA:2133,291,2,0
BRDA:2134,292,0,0
BRDA:2134,292,1,0
BRDA:2139,293,0,0
BRDA:2139,293,1,0
BRDA:2151,294,0,0
BRDA:2151,294,1,5
BRDA:2155,295,0,0
BRDA:2155,295,1,0
BRDA:2165,296,0,0
BRDA:2165,296,1,0
BRDA:2207,297,0,0
BRDA:2207,297,1,0
BRDA:2214,298,0,234
BRDA:2214,298,1,0
BRDA:2222,299,0,0
BRDA:2222,299,1,0
BRDA:2229,300,0,0
BRDA:2229,300,1,0
BRDA:2242,301,0,0
BRDA:2242,301,1,0
BRDA:2254,302,0,0
BRDA:2254,302,1,0
BRDA:2267,303,0,0
BRDA:2267,303,1,0
BRDA:2274,304,0,0
BRDA:2274,304,1,0
BRDA:2291,305,0,0
BRDA:2291,305,1,0
BRDA:2298,306,0,0
BRDA:2298,306,1,0
BRDA:2316,307,0,1
BRDA:2316,307,1,0
BRDA:2316,308,0,1
BRDA:2316,308,1,1
BRDA:2349,309,0,0
BRDA:2349,309,1,0
BRDA:2359,310,0,0
BRDA:2359,310,1,6
BRDA:2366,311,0,0
BRDA:2366,311,1,35
BRDA:2370,312,0,0
BRDA:2370,312,1,0
BRDA:2372,313,0,0
BRDA:2372,313,1,0
BRDA:2379,314,0,0
BRDA:2379,314,1,0
BRDA:2383,315,0,0
BRDA:2383,315,1,0
BRDA:2386,316,0,0
BRDA:2386,316,1,0
BRDA:2406,317,0,0
BRDA:2406,317,1,0
BRDA:2414,318,0,0
BRDA:2414,318,1,0
BRDA:2418,319,0,0
BRDA:2418,319,1,0
BRDA:2422,320,0,0
BRDA:2422,320,1,1
BRDA:2428,321,0,0
BRDA:2428,321,1,0
BRDA:2435,322,0,0
BRDA:2435,322,1,0
BRDA:2442,323,0,0
BRDA:2442,323,1,0
BRDA:2449,324,0,0
BRDA:2449,324,1,0
BRDA:2468,325,0,0
BRDA:2468,325,1,0
BRDA:2471,326,0,0
BRDA:2471,326,1,0
BRDA:2471,327,0,0
BRDA:2471,327,1,0
BRDA:2486,328,0,0
BRDA:2486,328,1,0
BRDA:2486,329,0,0
BRDA:2486,329,1,0
BRDA:2486,329,2,0
BRDA:2488,330,0,0
BRDA:2488,330,1,0
BRDA:2489,331,0,0
BRDA:2489,331,1,0
BRDA:2489,332,0,0
BRDA:2489,332,1,0
BRDA:2510,333,0,0
BRDA:2510,333,1,0
BRDA:2510,334,0,0
BRDA:2510,334,1,0
BRDA:2522,335,0,0
BRDA:2522,335,1,0
BRDA:2524,336,0,0
BRDA:2524,336,1,0
BRDA:2531,337,0,0
BRDA:2531,337,1,0
BRDA:2543,338,0,0
BRDA:2543,338,1,0
BRDA:2556,339,0,0
BRDA:2556,339,1,0
BRDA:2564,340,0,0
BRDA:2564,340,1,0
BRDA:2564,341,0,0
BRDA:2564,341,1,0
BRDA:2564,341,2,0
BRDA:2564,341,3,0
BRDA:2572,342,0,0
BRDA:2572,342,1,0
BRDA:2589,343,0,0
BRDA:2589,343,1,0
BRDA:2590,344,0,0
BRDA:2590,344,1,0
BRDA:2618,345,0,0
BRDA:2618,345,1,0
BRDA:2621,346,0,0
BRDA:2621,346,1,0
BRDA:2626,347,0,0
BRDA:2626,347,1,0
BRDA:2626,348,0,0
BRDA:2626,348,1,0
BRDA:2626,348,2,0
BRDA:2627,349,0,0
BRDA:2627,349,1,0
BRDA:2655,350,0,0
BRDA:2655,350,1,0
BRDA:2666,351,0,0
BRDA:2666,351,1,0
BRDA:2671,352,0,0
BRDA:2671,352,1,0
BRDA:2671,352,2,0
BRDA:2676,353,0,2
BRDA:2676,353,1,0
BRDA:2677,354,0,0
BRDA:2677,354,1,2
BRDA:2685,355,0,1
BRDA:2685,355,1,0
BRDA:2698,356,0,0
BRDA:2698,356,1,0
BRDA:2705,357,0,0
BRDA:2705,357,1,0
BRDA:2717,358,0,0
BRDA:2717,358,1,0
BRDA:2733,359,0,0
BRDA:2733,359,1,0
BRDA:2744,360,0,0
BRDA:2744,360,1,0
BRDA:2746,361,0,0
BRDA:2746,361,1,0
BRDA:2746,362,0,0
BRDA:2746,362,1,0
BRDA:2746,362,2,0
BRDA:2762,363,0,0
BRDA:2762,363,1,0
BRDA:2767,364,0,0
BRDA:2767,364,1,0
BRDA:2774,365,0,0
BRDA:2774,365,1,0
BRDA:2783,366,0,0
BRDA:2783,366,1,0
BRDA:2805,367,0,0
BRDA:2805,367,1,0
BRDA:2810,368,0,0
BRDA:2810,368,1,0
BRDA:2816,369,0,0
BRDA:2816,369,1,0
BRDA:2834,370,0,0
BRDA:2834,370,1,0
BRDA:2841,371,0,0
BRDA:2841,371,1,0
BRDA:2849,372,0,0
BRDA:2849,372,1,0
BRDA:2858,373,0,0
BRDA:2858,373,1,0
BRDA:2875,374,0,0
BRDA:2875,374,1,0
BRDA:2880,375,0,0
BRDA:2880,375,1,0
BRDA:2882,376,0,0
BRDA:2882,376,1,0
BRDA:2887,377,0,0
BRDA:2887,377,1,0
BRDA:2891,378,0,0
BRDA:2891,378,1,0
BRDA:2905,379,0,0
BRDA:2905,379,1,0
BRF:818
BRH:37
end_of_record
TN:
SF:/Users/webmapps.r.l./Documents/webmapp-generator/bare/www/core/js/services/model.factory.js
FN:5,Model
FN:60,(anonymous_2)
FN:64,(anonymous_3)
FN:79,(anonymous_4)
FN:110,(anonymous_5)
FN:120,(anonymous_6)
FN:130,(anonymous_7)
FN:142,(anonymous_8)
FN:146,(anonymous_9)
FN:150,(anonymous_10)
FN:154,(anonymous_11)
FN:158,(anonymous_12)
FN:162,(anonymous_13)
FN:166,(anonymous_14)
FN:175,(anonymous_15)
FN:188,(anonymous_16)
FN:192,(anonymous_17)
FN:196,(anonymous_18)
FN:200,(anonymous_19)
FN:204,(anonymous_20)
FN:208,(anonymous_21)
FN:212,(anonymous_22)
FN:218,(anonymous_23)
FN:225,(anonymous_24)
FN:251,(anonymous_25)
FN:260,(anonymous_26)
FN:264,(anonymous_27)
FN:277,(anonymous_28)
FNF:28
FNH:15
FNDA:148,Model
FNDA:6,(anonymous_2)
FNDA:12,(anonymous_3)
FNDA:8,(anonymous_4)
FNDA:1,(anonymous_5)
FNDA:1,(anonymous_6)
FNDA:0,(anonymous_7)
FNDA:3,(anonymous_8)
FNDA:0,(anonymous_9)
FNDA:7,(anonymous_10)
FNDA:4,(anonymous_11)
FNDA:2,(anonymous_12)
FNDA:2,(anonymous_13)
FNDA:0,(anonymous_14)
FNDA:0,(anonymous_15)
FNDA:0,(anonymous_16)
FNDA:0,(anonymous_17)
FNDA:0,(anonymous_18)
FNDA:1,(anonymous_19)
FNDA:1,(anonymous_20)
FNDA:0,(anonymous_21)
FNDA:0,(anonymous_22)
FNDA:0,(anonymous_23)
FNDA:3,(anonymous_24)
FNDA:0,(anonymous_25)
FNDA:0,(anonymous_26)
FNDA:0,(anonymous_27)
FNDA:7,(anonymous_28)
DA:3,1
DA:10,148
DA:12,148
DA:22,148
DA:27,148
DA:29,148
DA:30,680
DA:33,680
DA:36,148
DA:37,1196
DA:38,1196
DA:44,148
DA:45,1139
DA:46,1139
DA:47,296
DA:48,296
DA:49,1094
DA:52,1139
DA:53,15
DA:54,15
DA:55,15
DA:60,148
DA:61,6
DA:64,148
DA:65,12
DA:66,2
DA:68,10
DA:69,1
DA:71,9
DA:72,2
DA:74,7
DA:75,2
DA:79,148
DA:80,8
DA:81,8
DA:84,8
DA:85,4
DA:86,4
DA:89,8
DA:90,2
DA:91,6
DA:92,1
DA:93,5
DA:94,1
DA:95,1
DA:96,4
DA:97,1
DA:98,3
DA:99,1
DA:100,1
DA:103,8
DA:104,1
DA:107,8
DA:110,148
DA:111,1
DA:112,2
DA:113,2
DA:114,1
DA:120,148
DA:121,1
DA:122,1
DA:123,1
DA:124,1
DA:130,148
DA:132,0
DA:133,0
DA:134,0
DA:135,0
DA:142,148
DA:143,3
DA:146,148
DA:147,0
DA:150,148
DA:151,7
DA:154,148
DA:155,4
DA:158,148
DA:159,2
DA:162,148
DA:163,2
DA:166,148
DA:167,0
DA:168,0
DA:171,0
DA:175,148
DA:176,0
DA:188,148
DA:189,0
DA:192,148
DA:193,0
DA:196,148
DA:197,0
DA:200,148
DA:201,1
DA:204,148
DA:205,1
DA:208,148
DA:209,0
DA:212,148
DA:213,0
DA:214,0
DA:218,148
DA:219,0
DA:220,0
DA:222,0
DA:225,148
DA:226,3
DA:228,2
DA:229,2
DA:230,0
DA:233,2
DA:234,1
DA:237,2
DA:238,0
DA:239,0
DA:241,0
DA:245,2
DA:246,2
DA:251,148
DA:252,0
DA:253,0
DA:254,0
DA:256,0
DA:260,148
DA:261,0
DA:264,148
DA:265,0
DA:266,0
DA:268,0
DA:269,0
DA:274,0
DA:277,148
DA:278,7
DA:279,3
DA:280,1
DA:282,2
DA:283,1
DA:285,1
DA:287,4
DA:288,2
DA:290,2
DA:291,1
DA:296,1
DA:299,148
LF:144
LH:112
BRDA:27,1,0,148
BRDA:27,1,1,135
BRDA:27,1,2,135
BRDA:37,2,0,1196
BRDA:37,2,1,0
BRDA:46,3,0,296
BRDA:46,3,1,843
BRDA:52,4,0,15
BRDA:52,4,1,1124
BRDA:61,5,0,6
BRDA:61,5,1,4
BRDA:65,6,0,2
BRDA:65,6,1,10
BRDA:68,7,0,1
BRDA:68,7,1,9
BRDA:71,8,0,2
BRDA:71,8,1,7
BRDA:74,9,0,2
BRDA:74,9,1,5
BRDA:80,10,0,7
BRDA:80,10,1,1
BRDA:84,11,0,4
BRDA:84,11,1,4
BRDA:86,12,0,3
BRDA:86,12,1,1
BRDA:89,13,0,2
BRDA:89,13,1,6
BRDA:91,14,0,1
BRDA:91,14,1,5
BRDA:93,15,0,1
BRDA:93,15,1,4
BRDA:96,16,0,1
BRDA:96,16,1,3
BRDA:98,17,0,1
BRDA:98,17,1,2
BRDA:103,18,0,1
BRDA:103,18,1,7
BRDA:113,19,0,1
BRDA:113,19,1,1
BRDA:113,20,0,2
BRDA:113,20,1,2
BRDA:123,21,0,1
BRDA:123,21,1,0
BRDA:134,22,0,0
BRDA:134,22,1,0
BRDA:167,23,0,0
BRDA:167,23,1,0
BRDA:171,24,0,0
BRDA:171,24,1,0
BRDA:171,24,2,0
BRDA:176,25,0,0
BRDA:176,25,1,0
BRDA:213,26,0,0
BRDA:213,26,1,0
BRDA:219,27,0,0
BRDA:219,27,1,0
BRDA:222,28,0,0
BRDA:222,28,1,0
BRDA:226,29,0,2
BRDA:226,29,1,1
BRDA:226,30,0,3
BRDA:226,30,1,2
BRDA:229,31,0,0
BRDA:229,31,1,2
BRDA:233,32,0,1
BRDA:233,32,1,1
BRDA:233,33,0,2
BRDA:233,33,1,2
BRDA:233,33,2,2
BRDA:238,34,0,0
BRDA:238,34,1,0
BRDA:245,35,0,2
BRDA:245,35,1,0
BRDA:252,36,0,0
BRDA:252,36,1,0
BRDA:253,37,0,0
BRDA:253,37,1,0
BRDA:253,38,0,0
BRDA:253,38,1,0
BRDA:253,38,2,0
BRDA:265,39,0,0
BRDA:265,39,1,0
BRDA:268,40,0,0
BRDA:268,40,1,0
BRDA:269,41,0,0
BRDA:269,41,1,0
BRDA:278,42,0,3
BRDA:278,42,1,4
BRDA:279,43,0,1
BRDA:279,43,1,2
BRDA:282,44,0,1
BRDA:282,44,1,1
BRDA:287,45,0,2
BRDA:287,45,1,2
BRDA:288,46,0,2
BRDA:288,46,1,1
BRDA:290,47,0,1
BRDA:290,47,1,1
BRDA:291,48,0,1
BRDA:291,48,1,1
BRF:100
BRH:66
end_of_record
TN:
SF:/Users/webmapps.r.l./Documents/webmapp-generator/bare/www/core/js/services/offline.factory.js
FN:3,Offline
FN:26,(anonymous_2)
FN:29,(anonymous_3)
FN:37,(anonymous_4)
FN:50,(anonymous_5)
FN:54,(anonymous_6)
FN:60,(anonymous_7)
FN:64,(anonymous_8)
FN:68,(anonymous_9)
FN:85,(anonymous_10)
FN:93,(anonymous_11)
FN:96,(anonymous_12)
FN:98,(anonymous_13)
FN:103,(anonymous_14)
FN:130,(anonymous_15)
FN:150,(anonymous_16)
FN:167,(anonymous_17)
FN:218,(anonymous_18)
FN:247,(anonymous_19)
FN:260,(anonymous_20)
FN:267,(anonymous_21)
FN:271,(anonymous_22)
FN:275,(anonymous_23)
FN:290,(anonymous_24)
FN:303,(anonymous_25)
FN:317,(anonymous_26)
FN:329,(anonymous_27)
FN:333,(anonymous_28)
FN:337,(anonymous_29)
FN:364,(anonymous_30)
FN:367,(anonymous_31)
FN:369,(anonymous_32)
FN:374,(anonymous_33)
FN:375,(anonymous_34)
FN:381,(anonymous_35)
FN:408,(anonymous_36)
FN:431,(anonymous_37)
FN:439,(anonymous_38)
FN:443,(anonymous_39)
FN:448,(anonymous_40)
FN:460,(anonymous_41)
FN:465,(anonymous_42)
FN:482,(anonymous_43)
FNF:43
FNH:1
FNDA:148,Offline
FNDA:0,(anonymous_2)
FNDA:0,(anonymous_3)
FNDA:0,(anonymous_4)
FNDA:0,(anonymous_5)
FNDA:0,(anonymous_6)
FNDA:0,(anonymous_7)
FNDA:0,(anonymous_8)
FNDA:0,(anonymous_9)
FNDA:0,(anonymous_10)
FNDA:0,(anonymous_11)
FNDA:0,(anonymous_12)
FNDA:0,(anonymous_13)
FNDA:0,(anonymous_14)
FNDA:0,(anonymous_15)
FNDA:0,(anonymous_16)
FNDA:0,(anonymous_17)
FNDA:0,(anonymous_18)
FNDA:0,(anonymous_19)
FNDA:0,(anonymous_20)
FNDA:0,(anonymous_21)
FNDA:0,(anonymous_22)
FNDA:0,(anonymous_23)
FNDA:0,(anonymous_24)
FNDA:0,(anonymous_25)
FNDA:0,(anonymous_26)
FNDA:0,(anonymous_27)
FNDA:0,(anonymous_28)
FNDA:0,(anonymous_29)
FNDA:0,(anonymous_30)
FNDA:0,(anonymous_31)
FNDA:0,(anonymous_32)
FNDA:0,(anonymous_33)
FNDA:0,(anonymous_34)
FNDA:0,(anonymous_35)
FNDA:0,(anonymous_36)
FNDA:0,(anonymous_37)
FNDA:0,(anonymous_38)
FNDA:0,(anonymous_39)
FNDA:0,(anonymous_40)
FNDA:0,(anonymous_41)
FNDA:0,(anonymous_42)
FNDA:0,(anonymous_43)
DA:1,1
DA:14,148
DA:16,148
DA:24,148
DA:26,148
DA:28,148
DA:29,0
DA:30,0
DA:34,148
DA:35,148
DA:37,148
DA:38,0
DA:39,0
DA:42,0
DA:43,0
DA:44,0
DA:45,0
DA:47,0
DA:50,148
DA:51,0
DA:54,148
DA:55,0
DA:56,0
DA:57,0
DA:60,148
DA:61,0
DA:64,148
DA:65,0
DA:68,148
DA:69,0
DA:70,0
DA:71,0
DA:72,0
DA:74,0
DA:77,0
DA:78,0
DA:80,0
DA:81,0
DA:82,0
DA:85,148
DA:86,0
DA:87,0
DA:88,0
DA:90,0
DA:93,148
DA:94,0
DA:97,0
DA:99,0
DA:103,148
DA:104,0
DA:106,0
DA:107,0
DA:110,0
DA:111,0
DA:115,0
DA:116,0
DA:119,0
DA:120,0
DA:124,0
DA:125,0
DA:126,0
DA:130,0
DA:131,0
DA:132,0
DA:133,0
DA:134,0
DA:135,0
DA:138,0
DA:140,0
DA:150,0
DA:151,0
DA:152,0
DA:153,0
DA:154,0
DA:158,0
DA:159,0
DA:160,0
DA:161,0
DA:164,0
DA:167,0
DA:168,0
DA:173,0
DA:174,0
DA:175,0
DA:177,0
DA:178,0
DA:181,0
DA:182,0
DA:187,0
DA:188,0
DA:191,0
DA:194,0
DA:195,0
DA:197,0
DA:198,0
DA:200,0
DA:201,0
DA:202,0
DA:203,0
DA:207,0
DA:210,0
DA:213,0
DA:216,0
DA:218,0
DA:219,0
DA:222,0
DA:223,0
DA:226,0
DA:228,0
DA:233,0
DA:234,0
DA:235,0
DA:238,0
DA:240,0
DA:247,0
DA:248,0
DA:254,0
DA:256,0
DA:257,0
DA:259,0
DA:261,0
DA:262,0
DA:264,0
DA:265,0
DA:266,0
DA:268,0
DA:269,0
DA:270,0
DA:272,0
DA:276,0
DA:277,0
DA:279,0
DA:281,0
DA:283,0
DA:284,0
DA:285,0
DA:286,0
DA:288,0
DA:291,0
DA:293,0
DA:301,0
DA:304,0
DA:305,0
DA:308,0
DA:309,0
DA:311,0
DA:313,0
DA:317,0
DA:318,0
DA:319,0
DA:320,0
DA:321,0
DA:322,0
DA:323,0
DA:326,0
DA:329,148
DA:330,0
DA:333,148
DA:334,0
DA:337,148
DA:338,0
DA:339,0
DA:340,0
DA:341,0
DA:342,0
DA:344,0
DA:345,0
DA:348,0
DA:349,0
DA:350,0
DA:351,0
DA:353,0
DA:354,0
DA:358,0
DA:361,0
DA:364,148
DA:365,0
DA:368,0
DA:370,0
DA:374,148
DA:375,0
DA:376,0
DA:377,0
DA:381,0
DA:382,0
DA:383,0
DA:384,0
DA:385,0
DA:389,0
DA:390,0
DA:391,0
DA:394,0
DA:397,0
DA:399,0
DA:403,0
DA:408,0
DA:409,0
DA:416,0
DA:417,0
DA:420,0
DA:422,0
DA:424,0
DA:427,0
DA:428,0
DA:430,0
DA:432,0
DA:433,0
DA:436,0
DA:437,0
DA:438,0
DA:440,0
DA:441,0
DA:442,0
DA:444,0
DA:445,0
DA:446,0
DA:449,0
DA:452,0
DA:461,0
DA:462,0
DA:463,0
DA:466,0
DA:467,0
DA:470,0
DA:471,0
DA:473,0
DA:477,0
DA:479,0
DA:482,148
DA:483,0
DA:484,0
DA:485,0
DA:487,0
DA:488,0
DA:489,0
DA:491,0
DA:492,0
DA:494,0
DA:498,0
DA:501,148
LF:240
LH:24
BRDA:20,1,0,148
BRDA:20,1,1,148
BRDA:21,2,0,148
BRDA:21,2,1,148
BRDA:24,3,0,148
BRDA:24,3,1,148
BRDA:28,4,0,0
BRDA:28,4,1,148
BRDA:35,5,0,148
BRDA:35,5,1,0
BRDA:38,6,0,0
BRDA:38,6,1,0
BRDA:61,7,0,0
BRDA:61,7,1,0
BRDA:65,8,0,0
BRDA:65,8,1,0
BRDA:69,9,0,0
BRDA:69,9,1,0
BRDA:74,10,0,0
BRDA:74,10,1,0
BRDA:106,11,0,0
BRDA:106,11,1,0
BRDA:115,12,0,0
BRDA:115,12,1,0
BRDA:125,13,0,0
BRDA:125,13,1,0
BRDA:147,14,0,0
BRDA:147,14,1,0
BRDA:147,15,0,0
BRDA:147,15,1,0
BRDA:152,16,0,0
BRDA:152,16,1,0
BRDA:158,17,0,0
BRDA:158,17,1,0
BRDA:174,18,0,0
BRDA:174,18,1,0
BRDA:177,19,0,0
BRDA:177,19,1,0
BRDA:181,20,0,0
BRDA:181,20,1,0
BRDA:187,21,0,0
BRDA:187,21,1,0
BRDA:194,22,0,0
BRDA:194,22,1,0
BRDA:194,23,0,0
BRDA:194,23,1,0
BRDA:201,24,0,0
BRDA:201,24,1,0
BRDA:222,25,0,0
BRDA:222,25,1,0
BRDA:233,26,0,0
BRDA:233,26,1,0
BRDA:234,27,0,0
BRDA:234,27,1,0
BRDA:261,28,0,0
BRDA:261,28,1,0
BRDA:264,29,0,0
BRDA:264,29,1,0
BRDA:276,30,0,0
BRDA:276,30,1,0
BRDA:283,31,0,0
BRDA:283,31,1,0
BRDA:304,32,0,0
BRDA:304,32,1,0
BRDA:308,33,0,0
BRDA:308,33,1,0
BRDA:339,34,0,0
BRDA:339,34,1,0
BRDA:341,35,0,0
BRDA:341,35,1,0
BRDA:348,36,0,0
BRDA:348,36,1,0
BRDA:350,37,0,0
BRDA:350,37,1,0
BRDA:383,38,0,0
BRDA:383,38,1,0
BRDA:389,39,0,0
BRDA:389,39,1,0
BRDA:416,40,0,0
BRDA:416,40,1,0
BRDA:432,41,0,0
BRDA:432,41,1,0
BRDA:437,42,0,0
BRDA:437,42,1,0
BRDA:466,43,0,0
BRDA:466,43,1,0
BRDA:470,44,0,0
BRDA:470,44,1,0
BRF:88
BRH:8
end_of_record
TN:
SF:/Users/webmapps.r.l./Documents/webmapp-generator/bare/www/core/js/services/package.factory.js
FN:21,PackageService
FN:76,(anonymous_2)
FN:80,(anonymous_3)
FN:94,(anonymous_4)
FN:101,(anonymous_5)
FN:106,(anonymous_6)
FN:114,(anonymous_7)
FN:124,(anonymous_8)
FN:132,(anonymous_9)
FN:136,(anonymous_10)
FN:155,(anonymous_11)
FN:211,(anonymous_12)
FN:216,(anonymous_13)
FN:222,(anonymous_14)
FN:230,(anonymous_15)
FN:245,(anonymous_16)
FN:258,(anonymous_17)
FN:270,(anonymous_18)
FN:271,(anonymous_19)
FN:283,(anonymous_20)
FN:302,(anonymous_21)
FN:305,(anonymous_22)
FN:324,(anonymous_23)
FN:329,(anonymous_24)
FN:331,(anonymous_25)
FN:344,(anonymous_26)
FN:360,(anonymous_27)
FN:378,(anonymous_28)
FN:408,(anonymous_29)
FN:425,(anonymous_30)
FN:442,(anonymous_31)
FN:477,(anonymous_32)
FN:493,(anonymous_33)
FN:505,(anonymous_34)
FN:515,(anonymous_35)
FN:533,(anonymous_36)
FN:544,(anonymous_37)
FN:567,(anonymous_38)
FN:573,(anonymous_39)
FN:599,(anonymous_40)
FN:608,(anonymous_41)
FN:616,(anonymous_42)
FN:628,(anonymous_43)
FN:676,(anonymous_44)
FN:695,(anonymous_45)
FN:698,(anonymous_46)
FN:719,(anonymous_47)
FN:739,(anonymous_48)
FN:743,(anonymous_49)
FN:749,(anonymous_50)
FN:752,(anonymous_51)
FN:759,(anonymous_52)
FN:785,(anonymous_53)
FN:801,(anonymous_54)
FN:809,(anonymous_55)
FN:835,(anonymous_56)
FN:840,(anonymous_57)
FN:858,(anonymous_58)
FNF:58
FNH:3
FNDA:1,PackageService
FNDA:0,(anonymous_2)
FNDA:1,(anonymous_3)
FNDA:0,(anonymous_4)
FNDA:0,(anonymous_5)
FNDA:0,(anonymous_6)
FNDA:0,(anonymous_7)
FNDA:0,(anonymous_8)
FNDA:0,(anonymous_9)
FNDA:1,(anonymous_10)
FNDA:0,(anonymous_11)
FNDA:0,(anonymous_12)
FNDA:0,(anonymous_13)
FNDA:0,(anonymous_14)
FNDA:0,(anonymous_15)
FNDA:0,(anonymous_16)
FNDA:0,(anonymous_17)
FNDA:0,(anonymous_18)
FNDA:0,(anonymous_19)
FNDA:0,(anonymous_20)
FNDA:0,(anonymous_21)
FNDA:0,(anonymous_22)
FNDA:0,(anonymous_23)
FNDA:0,(anonymous_24)
FNDA:0,(anonymous_25)
FNDA:0,(anonymous_26)
FNDA:0,(anonymous_27)
FNDA:0,(anonymous_28)
FNDA:0,(anonymous_29)
FNDA:0,(anonymous_30)
FNDA:0,(anonymous_31)
FNDA:0,(anonymous_32)
FNDA:0,(anonymous_33)
FNDA:0,(anonymous_34)
FNDA:0,(anonymous_35)
FNDA:0,(anonymous_36)
FNDA:0,(anonymous_37)
FNDA:0,(anonymous_38)
FNDA:0,(anonymous_39)
FNDA:0,(anonymous_40)
FNDA:0,(anonymous_41)
FNDA:0,(anonymous_42)
FNDA:0,(anonymous_43)
FNDA:0,(anonymous_44)
FNDA:0,(anonymous_45)
FNDA:0,(anonymous_46)
FNDA:0,(anonymous_47)
FNDA:0,(anonymous_48)
FNDA:0,(anonymous_49)
FNDA:0,(anonymous_50)
FNDA:0,(anonymous_51)
FNDA:0,(anonymous_52)
FNDA:0,(anonymous_53)
FNDA:0,(anonymous_54)
FNDA:0,(anonymous_55)
FNDA:0,(anonymous_56)
FNDA:0,(anonymous_57)
FNDA:0,(anonymous_58)
DA:19,1
DA:36,1
DA:38,1
DA:43,1
DA:55,1
DA:67,1
DA:68,0
DA:69,0
DA:70,0
DA:72,0
DA:75,1
DA:77,0
DA:78,0
DA:81,1
DA:82,1
DA:85,1
DA:90,1
DA:93,1
DA:94,1
DA:95,0
DA:98,1
DA:102,0
DA:106,1
DA:107,0
DA:108,0
DA:110,0
DA:114,1
DA:115,0
DA:125,0
DA:126,0
DA:127,0
DA:128,0
DA:131,0
DA:136,1
DA:137,1
DA:138,1
DA:141,0
DA:142,0
DA:143,0
DA:147,0
DA:148,0
DA:151,0
DA:152,0
DA:155,1
DA:156,0
DA:157,0
DA:158,0
DA:159,0
DA:160,0
DA:161,0
DA:162,0
DA:163,0
DA:165,0
DA:166,0
DA:170,0
DA:171,0
DA:174,0
DA:175,0
DA:178,0
DA:179,0
DA:183,0
DA:184,0
DA:185,0
DA:186,0
DA:187,0
DA:192,0
DA:193,0
DA:195,0
DA:196,0
DA:199,0
DA:200,0
DA:202,0
DA:203,0
DA:208,0
DA:211,1
DA:212,0
DA:213,0
DA:215,0
DA:217,0
DA:218,0
DA:221,0
DA:223,0
DA:224,0
DA:226,0
DA:228,0
DA:229,0
DA:230,0
DA:231,0
DA:233,0
DA:235,0
DA:236,0
DA:237,0
DA:240,0
DA:242,0
DA:246,0
DA:247,0
DA:248,0
DA:251,0
DA:253,0
DA:256,0
DA:259,0
DA:260,0
DA:261,0
DA:264,0
DA:266,0
DA:270,1
DA:271,0
DA:272,0
DA:273,0
DA:275,0
DA:276,0
DA:277,0
DA:280,0
DA:282,0
DA:284,0
DA:285,0
DA:286,0
DA:289,0
DA:291,0
DA:302,1
DA:303,0
DA:304,0
DA:305,0
DA:306,0
DA:307,0
DA:308,0
DA:310,0
DA:311,0
DA:319,0
DA:323,0
DA:325,0
DA:329,1
DA:330,0
DA:332,0
DA:333,0
DA:335,0
DA:336,0
DA:337,0
DA:340,0
DA:342,0
DA:345,0
DA:346,0
DA:347,0
DA:349,0
DA:360,1
DA:362,0
DA:363,0
DA:366,0
DA:367,0
DA:368,0
DA:371,0
DA:373,0
DA:374,0
DA:377,0
DA:379,0
DA:380,0
DA:383,0
DA:384,0
DA:386,0
DA:387,0
DA:389,0
DA:390,0
DA:391,0
DA:392,0
DA:393,0
DA:394,0
DA:395,0
DA:400,0
DA:401,0
DA:404,0
DA:407,0
DA:409,0
DA:410,0
DA:411,0
DA:425,1
DA:426,0
DA:427,0
DA:430,0
DA:431,0
DA:432,0
DA:435,0
DA:437,0
DA:438,0
DA:441,0
DA:443,0
DA:444,0
DA:445,0
DA:446,0
DA:447,0
DA:448,0
DA:449,0
DA:450,0
DA:451,0
DA:452,0
DA:454,0
DA:455,0
DA:456,0
DA:457,0
DA:459,0
DA:460,0
DA:461,0
DA:462,0
DA:469,0
DA:470,0
DA:473,0
DA:475,0
DA:478,0
DA:479,0
DA:480,0
DA:493,1
DA:494,0
DA:495,0
DA:496,0
DA:497,0
DA:498,0
DA:501,0
DA:502,0
DA:504,0
DA:506,0
DA:508,0
DA:509,0
DA:512,0
DA:513,0
DA:516,0
DA:517,0
DA:533,1
DA:534,0
DA:535,0
DA:536,0
DA:539,0
DA:545,0
DA:546,0
DA:552,0
DA:558,0
DA:562,0
DA:568,0
DA:570,0
DA:571,0
DA:574,0
DA:575,0
DA:576,0
DA:580,0
DA:599,1
DA:600,0
DA:601,0
DA:602,0
DA:603,0
DA:605,0
DA:607,0
DA:609,0
DA:610,0
DA:611,0
DA:614,0
DA:615,0
DA:617,0
DA:622,0
DA:623,0
DA:624,0
DA:626,0
DA:629,0
DA:630,0
DA:631,0
DA:634,0
DA:637,0
DA:641,0
DA:644,0
DA:649,0
DA:654,0
DA:655,0
DA:656,0
DA:658,0
DA:659,0
DA:661,0
DA:665,0
DA:670,0
DA:677,0
DA:678,0
DA:679,0
DA:680,0
DA:695,1
DA:696,0
DA:697,0
DA:699,0
DA:700,0
DA:701,0
DA:702,0
DA:703,0
DA:704,0
DA:707,0
DA:709,0
DA:714,0
DA:715,0
DA:716,0
DA:717,0
DA:720,0
DA:721,0
DA:725,0
DA:739,1
DA:740,0
DA:744,0
DA:745,0
DA:748,0
DA:749,0
DA:750,0
DA:752,0
DA:753,0
DA:754,0
DA:755,0
DA:756,0
DA:759,0
DA:762,0
DA:763,0
DA:767,0
DA:768,0
DA:769,0
DA:770,0
DA:771,0
DA:772,0
DA:773,0
DA:779,0
DA:783,0
DA:787,0
DA:788,0
DA:801,1
DA:802,0
DA:803,0
DA:806,0
DA:808,0
DA:810,0
DA:811,0
DA:812,0
DA:814,0
DA:816,0
DA:820,0
DA:821,0
DA:835,1
DA:836,0
DA:841,0
DA:842,0
DA:843,0
DA:844,0
DA:845,0
DA:858,1
DA:859,0
DA:860,0
DA:863,1
DA:865,1
LF:347
LH:36
BRDA:40,1,0,0
BRDA:40,1,1,1
BRDA:40,2,0,0
BRDA:40,2,1,0
BRDA:40,3,0,0
BRDA:40,3,1,0
BRDA:41,4,0,1
BRDA:41,4,1,0
BRDA:41,5,0,1
BRDA:41,5,1,1
BRDA:43,6,0,0
BRDA:43,6,1,1
BRDA:44,7,0,0
BRDA:44,7,1,1
BRDA:46,8,0,0
BRDA:46,8,1,1
BRDA:47,9,0,0
BRDA:47,9,1,1
BRDA:67,10,0,0
BRDA:67,10,1,1
BRDA:69,11,0,0
BRDA:69,11,1,0
BRDA:85,12,0,0
BRDA:85,12,1,1
BRDA:95,13,0,0
BRDA:95,13,1,0
BRDA:107,14,0,0
BRDA:107,14,1,0
BRDA:126,15,0,0
BRDA:126,15,1,0
BRDA:137,16,0,1
BRDA:137,16,1,0
BRDA:159,17,0,0
BRDA:159,17,1,0
BRDA:162,18,0,0
BRDA:162,18,1,0
BRDA:163,19,0,0
BRDA:163,19,1,0
BRDA:165,20,0,0
BRDA:165,20,1,0
BRDA:170,21,0,0
BRDA:170,21,1,0
BRDA:174,22,0,0
BRDA:174,22,1,0
BRDA:174,23,0,0
BRDA:174,23,1,0
BRDA:174,23,2,0
BRDA:178,24,0,0
BRDA:178,24,1,0
BRDA:178,25,0,0
BRDA:178,25,1,0
BRDA:183,26,0,0
BRDA:183,26,1,0
BRDA:185,27,0,0
BRDA:185,27,1,0
BRDA:192,28,0,0
BRDA:192,28,1,0
BRDA:195,29,0,0
BRDA:195,29,1,0
BRDA:195,30,0,0
BRDA:195,30,1,0
BRDA:199,31,0,0
BRDA:199,31,1,0
BRDA:202,32,0,0
BRDA:202,32,1,0
BRDA:202,33,0,0
BRDA:202,33,1,0
BRDA:212,34,0,0
BRDA:212,34,1,0
BRDA:217,35,0,0
BRDA:217,35,1,0
BRDA:224,36,0,0
BRDA:224,36,1,0
BRDA:236,37,0,0
BRDA:236,37,1,0
BRDA:247,38,0,0
BRDA:247,38,1,0
BRDA:260,39,0,0
BRDA:260,39,1,0
BRDA:276,40,0,0
BRDA:276,40,1,0
BRDA:276,41,0,0
BRDA:276,41,1,0
BRDA:285,42,0,0
BRDA:285,42,1,0
BRDA:285,43,0,0
BRDA:285,43,1,0
BRDA:307,44,0,0
BRDA:307,44,1,0
BRDA:307,45,0,0
BRDA:307,45,1,0
BRDA:310,46,0,0
BRDA:310,46,1,0
BRDA:310,47,0,0
BRDA:310,47,1,0
BRDA:310,47,2,0
BRDA:310,47,3,0
BRDA:336,48,0,0
BRDA:336,48,1,0
BRDA:346,49,0,0
BRDA:346,49,1,0
BRDA:362,50,0,0
BRDA:362,50,1,0
BRDA:366,51,0,0
BRDA:366,51,1,0
BRDA:367,52,0,0
BRDA:367,52,1,0
BRDA:373,53,0,0
BRDA:373,53,1,0
BRDA:379,54,0,0
BRDA:379,54,1,0
BRDA:393,55,0,0
BRDA:393,55,1,0
BRDA:400,56,0,0
BRDA:400,56,1,0
BRDA:410,57,0,0
BRDA:410,57,1,0
BRDA:426,58,0,0
BRDA:426,58,1,0
BRDA:430,59,0,0
BRDA:430,59,1,0
BRDA:437,60,0,0
BRDA:437,60,1,0
BRDA:446,61,0,0
BRDA:446,61,1,0
BRDA:448,62,0,0
BRDA:448,62,1,0
BRDA:459,63,0,0
BRDA:459,63,1,0
BRDA:469,64,0,0
BRDA:469,64,1,0
BRDA:478,65,0,0
BRDA:478,65,1,0
BRDA:495,66,0,0
BRDA:495,66,1,0
BRDA:495,67,0,0
BRDA:495,67,1,0
BRDA:501,68,0,0
BRDA:501,68,1,0
BRDA:516,69,0,0
BRDA:516,69,1,0
BRDA:535,70,0,0
BRDA:535,70,1,0
BRDA:535,71,0,0
BRDA:535,71,1,0
BRDA:545,72,0,0
BRDA:545,72,1,0
BRDA:575,73,0,0
BRDA:575,73,1,0
BRDA:602,74,0,0
BRDA:602,74,1,0
BRDA:602,75,0,0
BRDA:602,75,1,0
BRDA:610,76,0,0
BRDA:610,76,1,0
BRDA:614,77,0,0
BRDA:614,77,1,0
BRDA:614,78,0,0
BRDA:614,78,1,0
BRDA:630,79,0,0
BRDA:630,79,1,0
BRDA:630,80,0,0
BRDA:630,80,1,0
BRDA:631,81,0,0
BRDA:631,81,1,0
BRDA:631,81,2,0
BRDA:631,81,3,0
BRDA:679,82,0,0
BRDA:679,82,1,0
BRDA:679,83,0,0
BRDA:679,83,1,0
BRDA:702,84,0,0
BRDA:702,84,1,0
BRDA:744,85,0,0
BRDA:744,85,1,0
BRDA:768,86,0,0
BRDA:768,86,1,0
BRDA:768,87,0,0
BRDA:768,87,1,0
BRDA:770,88,0,0
BRDA:770,88,1,0
BRDA:772,89,0,0
BRDA:772,89,1,0
BRDA:772,90,0,0
BRDA:772,90,1,0
BRDA:772,90,2,0
BRDA:802,91,0,0
BRDA:802,91,1,0
BRDA:841,92,0,0
BRDA:841,92,1,0
BRF:190
BRH:11
end_of_record
TN:
SF:/Users/webmapps.r.l./Documents/webmapp-generator/bare/www/core/js/services/search.factory.js
FN:5,Search
FN:14,(anonymous_2)
FN:18,(anonymous_3)
FN:23,(anonymous_4)
FN:28,(anonymous_5)
FN:37,(anonymous_6)
FN:54,(anonymous_7)
FN:63,(anonymous_8)
FN:174,(anonymous_9)
FN:181,(anonymous_10)
FN:253,(anonymous_11)
FN:283,(anonymous_12)
FN:334,(anonymous_13)
FN:385,(anonymous_14)
FN:397,(anonymous_15)
FN:406,(anonymous_16)
FN:419,(anonymous_17)
FN:453,(anonymous_18)
FN:480,(anonymous_19)
FN:491,(anonymous_20)
FN:505,(anonymous_21)
FN:516,(anonymous_22)
FN:522,(anonymous_23)
FN:526,(anonymous_24)
FN:530,(anonymous_25)
FN:554,(anonymous_26)
FNF:26
FNH:5
FNDA:148,Search
FNDA:1196,(anonymous_2)
FNDA:1196,(anonymous_3)
FNDA:1196,(anonymous_4)
FNDA:1196,(anonymous_5)
FNDA:0,(anonymous_6)
FNDA:0,(anonymous_7)
FNDA:0,(anonymous_8)
FNDA:0,(anonymous_9)
FNDA:0,(anonymous_10)
FNDA:0,(anonymous_11)
FNDA:0,(anonymous_12)
FNDA:0,(anonymous_13)
FNDA:0,(anonymous_14)
FNDA:0,(anonymous_15)
FNDA:0,(anonymous_16)
FNDA:0,(anonymous_17)
FNDA:0,(anonymous_18)
FNDA:0,(anonymous_19)
FNDA:0,(anonymous_20)
FNDA:0,(anonymous_21)
FNDA:0,(anonymous_22)
FNDA:0,(anonymous_23)
FNDA:0,(anonymous_24)
FNDA:0,(anonymous_25)
FNDA:0,(anonymous_26)
DA:3,1
DA:9,148
DA:14,148
DA:15,1196
DA:18,148
DA:19,1196
DA:20,1196
DA:23,148
DA:24,1196
DA:25,1196
DA:28,148
DA:29,1196
DA:30,1196
DA:34,1196
DA:37,148
DA:38,0
DA:40,0
DA:41,0
DA:43,0
DA:44,0
DA:46,0
DA:47,0
DA:49,0
DA:50,0
DA:54,148
DA:55,0
DA:57,0
DA:60,0
DA:63,148
DA:64,0
DA:67,148
DA:68,0
DA:69,0
DA:71,0
DA:72,0
DA:73,0
DA:74,0
DA:75,0
DA:76,0
DA:77,0
DA:78,0
DA:79,0
DA:80,0
DA:84,0
DA:85,0
DA:88,0
DA:92,0
DA:96,0
DA:100,0
DA:101,0
DA:102,0
DA:103,0
DA:104,0
DA:106,0
DA:107,0
DA:108,0
DA:109,0
DA:110,0
DA:111,0
DA:112,0
DA:116,0
DA:117,0
DA:118,0
DA:128,0
DA:129,0
DA:130,0
DA:134,0
DA:135,0
DA:137,0
DA:138,0
DA:139,0
DA:140,0
DA:141,0
DA:142,0
DA:143,0
DA:147,0
DA:148,0
DA:149,0
DA:159,0
DA:160,0
DA:161,0
DA:165,0
DA:166,0
DA:172,0
DA:174,0
DA:175,0
DA:176,0
DA:178,0
DA:181,0
DA:182,0
DA:183,0
DA:186,0
DA:187,0
DA:190,0
DA:196,0
DA:197,0
DA:198,0
DA:199,0
DA:201,0
DA:202,0
DA:203,0
DA:205,0
DA:206,0
[...]
DA:196,0
DA:197,0
DA:200,0
DA:201,0
DA:202,0
DA:209,0
DA:210,0
DA:211,0
DA:220,0
DA:221,0
DA:223,0
DA:225,0
DA:226,0
DA:237,0
DA:248,0
DA:249,0
DA:250,0
DA:257,0
DA:258,0
DA:259,0
DA:260,0
DA:261,0
DA:262,0
DA:263,0
DA:267,0
DA:268,0
DA:269,0
DA:277,0
DA:278,0
DA:286,0
DA:287,0
DA:295,0
DA:296,0
DA:305,0
DA:306,0
DA:308,0
DA:316,0
DA:317,0
DA:318,0
DA:321,0
DA:323,0
DA:324,0
DA:325,0
DA:328,0
DA:336,0
DA:341,0
DA:352,0
DA:353,0
DA:354,0
DA:362,0
DA:365,0
DA:366,0
DA:368,0
DA:369,0
DA:370,0
DA:372,0
DA:380,0
DA:384,0
DA:385,0
DA:387,0
DA:390,0
DA:392,0
DA:394,0
DA:399,0
DA:403,0
DA:406,0
DA:408,0
DA:411,0
DA:418,0
DA:420,0
DA:422,0
DA:424,0
DA:425,0
DA:437,0
DA:438,0
DA:441,0
DA:442,0
DA:443,0
DA:450,0
DA:452,0
DA:460,0
DA:469,0
DA:471,0
DA:478,0
DA:480,0
DA:482,0
DA:487,0
DA:491,0
DA:494,0
DA:496,0
DA:498,0
DA:505,0
DA:507,0
DA:508,0
DA:511,0
DA:513,0
DA:514,0
DA:525,0
DA:531,0
DA:532,0
DA:533,0
DA:534,0
DA:538,0
DA:539,0
DA:540,0
DA:542,0
DA:545,0
DA:546,0
DA:547,0
DA:548,0
DA:549,0
DA:550,0
DA:551,0
DA:552,0
DA:553,0
DA:555,0
DA:558,0
DA:560,0
DA:564,0
DA:565,0
DA:568,0
DA:569,0
DA:572,0
DA:573,0
DA:575,0
DA:576,0
DA:577,0
DA:578,0
DA:583,0
DA:584,0
DA:588,0
DA:589,0
DA:591,0
DA:593,0
DA:595,0
DA:599,0
DA:600,0
DA:601,0
DA:605,0
DA:606,0
DA:607,0
DA:608,0
DA:609,0
DA:610,0
DA:612,0
DA:614,0
DA:617,0
DA:618,0
DA:622,0
DA:624,0
DA:626,0
DA:627,0
DA:628,0
DA:629,0
DA:631,0
DA:636,0
DA:638,0
DA:641,0
DA:646,0
DA:647,0
DA:650,0
DA:655,0
DA:657,0
DA:661,0
DA:663,0
DA:667,0
DA:669,0
DA:670,0
DA:672,0
DA:674,0
DA:678,0
LF:264
LH:1
BRDA:24,1,0,0
BRDA:24,1,1,0
BRDA:30,2,0,0
BRDA:30,2,1,0
BRDA:30,2,2,0
BRDA:36,3,0,0
BRDA:36,3,1,0
BRDA:44,4,0,0
BRDA:44,4,1,0
BRDA:45,5,0,0
BRDA:45,5,1,0
BRDA:45,6,0,0
BRDA:45,6,1,0
BRDA:52,7,0,0
BRDA:52,7,1,0
BRDA:59,8,0,0
BRDA:59,8,1,0
BRDA:66,9,0,0
BRDA:66,9,1,0
BRDA:72,10,0,0
BRDA:72,10,1,0
BRDA:75,11,0,0
BRDA:75,11,1,0
BRDA:78,12,0,0
BRDA:78,12,1,0
BRDA:78,13,0,0
BRDA:78,13,1,0
BRDA:83,14,0,0
BRDA:83,14,1,0
BRDA:83,15,0,0
BRDA:83,15,1,0
BRDA:83,15,2,0
BRDA:98,16,0,0
BRDA:98,16,1,0
BRDA:98,17,0,0
BRDA:98,17,1,0
BRDA:98,17,2,0
BRDA:111,18,0,0
BRDA:111,18,1,0
BRDA:111,19,0,0
BRDA:111,19,1,0
BRDA:126,20,0,0
BRDA:126,20,1,0
BRDA:132,21,0,0
BRDA:132,21,1,0
BRDA:137,22,0,0
BRDA:137,22,1,0
BRDA:137,23,0,0
BRDA:137,23,1,0
BRDA:145,24,0,0
BRDA:145,24,1,0
BRDA:147,25,0,0
BRDA:147,25,1,0
BRDA:181,26,0,0
BRDA:181,26,1,0
BRDA:185,27,0,0
BRDA:185,27,1,0
BRDA:201,28,0,0
BRDA:201,28,1,0
BRDA:209,29,0,0
BRDA:209,29,1,0
BRDA:209,30,0,0
BRDA:209,30,1,0
BRDA:209,30,2,0
BRDA:209,30,3,0
BRDA:210,31,0,0
BRDA:210,31,1,0
BRDA:249,32,0,0
BRDA:249,32,1,0
BRDA:257,33,0,0
BRDA:257,33,1,0
BRDA:258,34,0,0
BRDA:258,34,1,0
BRDA:260,35,0,0
BRDA:260,35,1,0
BRDA:260,36,0,0
BRDA:260,36,1,0
BRDA:260,36,2,0
BRDA:262,37,0,0
BRDA:262,37,1,0
BRDA:262,38,0,0
BRDA:262,38,1,0
BRDA:262,38,2,0
BRDA:267,39,0,0
BRDA:267,39,1,0
BRDA:267,40,0,0
BRDA:267,40,1,0
BRDA:267,40,2,0
BRDA:267,40,3,0
BRDA:267,40,4,0
BRDA:268,41,0,0
BRDA:268,41,1,0
BRDA:277,42,0,0
BRDA:277,42,1,0
BRDA:286,43,0,0
BRDA:286,43,1,0
BRDA:295,44,0,0
BRDA:295,44,1,0
BRDA:353,45,0,0
BRDA:353,45,1,0
BRDA:394,46,0,0
BRDA:394,46,1,0
BRDA:394,47,0,0
BRDA:394,47,1,0
BRDA:394,47,2,0
BRDA:394,47,3,0
BRDA:411,48,0,0
BRDA:411,48,1,0
BRDA:424,49,0,0
BRDA:424,49,1,0
BRDA:442,50,0,0
BRDA:442,50,1,0
BRDA:442,51,0,0
BRDA:442,51,1,0
BRDA:450,52,0,0
BRDA:450,52,1,0
BRDA:450,53,0,0
BRDA:450,53,1,0
BRDA:450,53,2,0
BRDA:450,53,3,0
BRDA:482,54,0,0
BRDA:482,54,1,0
BRDA:482,55,0,0
BRDA:482,55,1,0
BRDA:482,55,2,0
BRDA:482,55,3,0
BRDA:498,56,0,0
BRDA:498,56,1,0
BRDA:507,57,0,0
BRDA:507,57,1,0
BRDA:532,58,0,0
BRDA:532,58,1,0
BRDA:532,59,0,0
BRDA:532,59,1,0
BRDA:539,60,0,0
BRDA:539,60,1,0
BRDA:545,61,0,0
BRDA:545,61,1,0
BRDA:547,62,0,0
BRDA:547,62,1,0
BRDA:548,63,0,0
BRDA:548,63,1,0
BRDA:550,64,0,0
BRDA:550,64,1,0
BRDA:552,65,0,0
BRDA:552,65,1,0
BRDA:568,66,0,0
BRDA:568,66,1,0
BRDA:568,67,0,0
BRDA:568,67,1,0
BRDA:574,68,0,0
BRDA:574,68,1,0
BRDA:590,69,0,0
BRDA:590,69,1,0
BRDA:606,70,0,0
BRDA:606,70,1,0
BRDA:608,71,0,0
BRDA:608,71,1,0
BRDA:609,72,0,0
BRDA:609,72,1,0
BRDA:627,73,0,0
BRDA:627,73,1,0
BRDA:631,74,0,0
BRDA:631,74,1,0
BRDA:631,75,0,0
BRDA:631,75,1,0
BRDA:631,75,2,0
BRDA:631,75,3,0
BRDA:641,76,0,0
BRDA:641,76,1,0
BRDA:641,77,0,0
BRDA:641,77,1,0
BRDA:641,77,2,0
BRDA:641,77,3,0
BRDA:641,77,4,0
BRDA:663,78,0,0
BRDA:663,78,1,0
BRF:177
BRH:0
end_of_record
TN:
SF:/Users/webmapps.r.l./Documents/webmapp-generator/bare/www/core/js/components/packages/packages.controller.js
FN:3,CouponController
FN:90,(anonymous_2)
FN:95,(anonymous_3)
FN:99,(anonymous_4)
FN:114,(anonymous_5)
FN:140,(anonymous_6)
FN:157,(anonymous_7)
FN:173,(anonymous_8)
FN:192,(anonymous_9)
FN:202,(anonymous_10)
FN:206,(anonymous_11)
FN:210,(anonymous_12)
FN:224,(anonymous_13)
FN:228,(anonymous_14)
FN:232,(anonymous_15)
FN:244,(anonymous_16)
FN:258,(anonymous_17)
FN:265,(anonymous_18)
FN:281,(anonymous_19)
FN:295,(anonymous_20)
FN:302,(anonymous_21)
FN:319,(anonymous_22)
FN:327,(anonymous_23)
FN:343,(anonymous_24)
FNF:24
FNH:0
FNDA:0,CouponController
FNDA:0,(anonymous_2)
FNDA:0,(anonymous_3)
FNDA:0,(anonymous_4)
FNDA:0,(anonymous_5)
FNDA:0,(anonymous_6)
FNDA:0,(anonymous_7)
FNDA:0,(anonymous_8)
FNDA:0,(anonymous_9)
FNDA:0,(anonymous_10)
FNDA:0,(anonymous_11)
FNDA:0,(anonymous_12)
FNDA:0,(anonymous_13)
FNDA:0,(anonymous_14)
FNDA:0,(anonymous_15)
FNDA:0,(anonymous_16)
FNDA:0,(anonymous_17)
FNDA:0,(anonymous_18)
FNDA:0,(anonymous_19)
FNDA:0,(anonymous_20)
FNDA:0,(anonymous_21)
FNDA:0,(anonymous_22)
FNDA:0,(anonymous_23)
FNDA:0,(anonymous_24)
DA:1,1
DA:17,0
DA:19,0
DA:21,0
DA:23,0
DA:26,0
DA:27,0
DA:30,0
DA:31,0
DA:34,0
DA:35,0
DA:38,0
DA:39,0
DA:42,0
DA:43,0
DA:44,0
DA:45,0
DA:46,0
DA:48,0
DA:49,0
DA:50,0
DA:51,0
DA:52,0
DA:53,0
DA:54,0
DA:55,0
DA:56,0
DA:57,0
DA:58,0
DA:63,0
DA:65,0
DA:66,0
DA:67,0
DA:68,0
DA:69,0
DA:70,0
DA:71,0
DA:75,0
DA:76,0
DA:77,0
DA:80,0
DA:81,0
DA:85,0
DA:87,0
DA:91,0
DA:94,0
DA:95,0
DA:96,0
DA:99,0
DA:100,0
DA:102,0
DA:103,0
DA:104,0
DA:105,0
DA:106,0
DA:111,0
DA:114,0
DA:115,0
DA:116,0
DA:117,0
DA:118,0
DA:119,0
DA:124,0
DA:128,0
DA:129,0
DA:130,0
DA:131,0
DA:133,0
DA:140,0
DA:141,0
DA:142,0
DA:143,0
DA:146,0
DA:147,0
DA:150,0
DA:151,0
DA:153,0
DA:157,0
DA:158,0
DA:159,0
DA:164,0
DA:167,0
DA:168,0
DA:170,0
DA:173,0
DA:174,0
DA:176,0
DA:177,0
DA:178,0
DA:181,0
DA:183,0
DA:186,0
DA:187,0
DA:188,0
DA:192,0
DA:193,0
DA:194,0
DA:195,0
DA:196,0
DA:199,0
DA:202,0
DA:203,0
DA:206,0
DA:207,0
DA:210,0
DA:211,0
DA:213,0
DA:214,0
DA:215,0
DA:217,0
DA:220,0
DA:224,0
DA:225,0
DA:228,0
DA:229,0
DA:232,0
DA:233,0
DA:234,0
DA:235,0
DA:236,0
DA:238,0
DA:239,0
DA:243,0
DA:245,0
DA:246,0
DA:247,0
DA:248,0
DA:250,0
DA:251,0
DA:252,0
DA:257,0
DA:259,0
DA:260,0
DA:264,0
DA:266,0
DA:267,0
DA:268,0
DA:271,0
DA:272,0
DA:273,0
DA:276,0
DA:280,0
DA:282,0
DA:283,0
DA:284,0
DA:285,0
DA:286,0
DA:287,0
DA:290,0
DA:294,0
DA:296,0
DA:297,0
DA:301,0
DA:303,0
DA:304,0
DA:305,0
DA:310,0
DA:312,0
DA:313,0
DA:319,0
DA:320,0
DA:321,0
DA:322,0
DA:324,0
DA:325,0
DA:327,0
DA:328,0
DA:329,0
DA:330,0
DA:331,0
DA:332,0
DA:333,0
DA:336,0
DA:339,0
DA:342,0
DA:343,0
DA:344,0
DA:348,0
DA:352,0
LF:179
LH:1
BRDA:26,1,0,0
BRDA:26,1,1,0
BRDA:26,2,0,0
BRDA:26,2,1,0
BRDA:30,3,0,0
BRDA:30,3,1,0
BRDA:30,4,0,0
BRDA:30,4,1,0
BRDA:34,5,0,0
BRDA:34,5,1,0
BRDA:34,6,0,0
BRDA:34,6,1,0
BRDA:38,7,0,0
BRDA:38,7,1,0
BRDA:39,8,0,0
BRDA:39,8,1,0
BRDA:39,9,0,0
BRDA:39,9,1,0
BRDA:39,10,0,0
BRDA:39,10,1,0
BRDA:40,11,0,0
BRDA:40,11,1,0
BRDA:40,12,0,0
BRDA:40,12,1,0
BRDA:53,13,0,0
BRDA:53,13,1,0
BRDA:53,14,0,0
BRDA:53,14,1,0
BRDA:65,15,0,0
BRDA:65,15,1,0
BRDA:67,16,0,0
BRDA:67,16,1,0
BRDA:67,17,0,0
BRDA:67,17,1,0
BRDA:69,18,0,0
BRDA:69,18,1,0
BRDA:76,19,0,0
BRDA:76,19,1,0
BRDA:80,20,0,0
BRDA:80,20,1,0
BRDA:80,21,0,0
BRDA:80,21,1,0
BRDA:85,22,0,0
BRDA:85,22,1,0
BRDA:96,23,0,0
BRDA:96,23,1,0
BRDA:103,24,0,0
BRDA:103,24,1,0
BRDA:104,25,0,0
BRDA:104,25,1,0
BRDA:116,26,0,0
BRDA:116,26,1,0
BRDA:116,27,0,0
BRDA:116,27,1,0
BRDA:128,28,0,0
BRDA:128,28,1,0
BRDA:128,29,0,0
BRDA:128,29,1,0
BRDA:130,30,0,0
BRDA:130,30,1,0
BRDA:141,31,0,0
BRDA:141,31,1,0
BRDA:174,32,0,0
BRDA:174,32,1,0
BRDA:174,32,2,0
BRDA:177,33,0,0
BRDA:177,33,1,0
BRDA:177,34,0,0
BRDA:177,34,1,0
BRDA:177,34,2,0
BRDA:195,35,0,0
BRDA:195,35,1,0
BRDA:195,36,0,0
BRDA:195,36,1,0
BRDA:195,36,2,0
BRDA:213,37,0,0
BRDA:213,37,1,0
BRDA:213,38,0,0
BRDA:213,38,1,0
BRDA:213,38,2,0
BRDA:214,39,0,0
BRDA:214,39,1,0
BRDA:238,40,0,0
BRDA:238,40,1,0
BRDA:245,41,0,0
BRDA:245,41,1,0
BRDA:267,42,0,0
BRDA:267,42,1,0
BRDA:271,43,0,0
BRDA:271,43,1,0
BRDA:271,44,0,0
BRDA:271,44,1,0
BRDA:285,45,0,0
BRDA:285,45,1,0
BRDA:285,46,0,0
BRDA:285,46,1,0
BRDA:320,47,0,0
BRDA:320,47,1,0
BRDA:329,48,0,0
BRDA:329,48,1,0
BRDA:329,49,0,0
BRDA:329,49,1,0
BRDA:331,50,0,0
BRDA:331,50,1,0
BRDA:332,51,0,0
BRDA:332,51,1,0
BRDA:332,52,0,0
BRDA:332,52,1,0
BRDA:332,52,2,0
BRDA:342,53,0,0
BRDA:342,53,1,0
BRF:111
BRH:0
end_of_record
TN:
SF:/Users/webmapps.r.l./Documents/webmapp-generator/bare/www/core/js/components/popupOpener/popupOpener.controller.js
FN:3,PopupOpenerController
FN:16,(anonymous_2)
FN:17,(anonymous_3)
FN:18,(anonymous_4)
FN:22,(anonymous_5)
FN:27,(anonymous_6)
FN:32,(anonymous_7)
FNF:7
FNH:0
FNDA:0,PopupOpenerController
FNDA:0,(anonymous_2)
FNDA:0,(anonymous_3)
FNDA:0,(anonymous_4)
FNDA:0,(anonymous_5)
FNDA:0,(anonymous_6)
FNDA:0,(anonymous_7)
DA:1,1
DA:9,0
DA:12,0
DA:13,0
DA:16,0
DA:17,0
DA:18,0
DA:19,0
DA:20,0
DA:22,0
DA:23,0
DA:24,0
DA:25,0
DA:26,0
DA:27,0
DA:28,0
DA:32,0
DA:33,0
DA:38,0
DA:42,0
DA:44,0
DA:45,0
DA:49,0
LF:23
LH:1
BRDA:12,1,0,0
BRDA:12,1,1,0
BRDA:19,2,0,0
BRDA:19,2,1,0
BRDA:23,3,0,0
BRDA:23,3,1,0
BRDA:26,4,0,0
BRDA:26,4,1,0
BRF:8
BRH:0
end_of_record
TN:
SF:/Users/webmapps.r.l./Documents/webmapp-generator/bare/www/core/js/components/search/search.controller.js
FN:5,SearchController
FN:41,(anonymous_2)
FN:49,(anonymous_3)
FN:53,(anonymous_4)
FN:68,(anonymous_5)
FN:89,(anonymous_6)
FN:130,(anonymous_7)
FN:195,(anonymous_8)
FN:199,(anonymous_9)
FN:203,(anonymous_10)
FN:256,(anonymous_11)
FN:264,(anonymous_12)
FN:282,(anonymous_13)
FN:293,(anonymous_14)
FN:447,(anonymous_15)
FN:455,(anonymous_16)
FN:477,(anonymous_17)
FN:503,(anonymous_18)
FN:510,(anonymous_19)
FN:516,(anonymous_20)
FN:538,(anonymous_21)
FN:547,(anonymous_22)
FN:555,(anonymous_23)
FN:564,(anonymous_24)
FN:587,(anonymous_25)
FN:658,(anonymous_26)
FN:663,(anonymous_27)
FNF:27
FNH:0
FNDA:0,SearchController
FNDA:0,(anonymous_2)
FNDA:0,(anonymous_3)
FNDA:0,(anonymous_4)
FNDA:0,(anonymous_5)
FNDA:0,(anonymous_6)
FNDA:0,(anonymous_7)
FNDA:0,(anonymous_8)
FNDA:0,(anonymous_9)
FNDA:0,(anonymous_10)
FNDA:0,(anonymous_11)
FNDA:0,(anonymous_12)
FNDA:0,(anonymous_13)
FNDA:0,(anonymous_14)
FNDA:0,(anonymous_15)
FNDA:0,(anonymous_16)
FNDA:0,(anonymous_17)
FNDA:0,(anonymous_18)
FNDA:0,(anonymous_19)
FNDA:0,(anonymous_20)
FNDA:0,(anonymous_21)
FNDA:0,(anonymous_22)
FNDA:0,(anonymous_23)
FNDA:0,(anonymous_24)
FNDA:0,(anonymous_25)
FNDA:0,(anonymous_26)
FNDA:0,(anonymous_27)
DA:3,1
DA:16,0
DA:18,0
DA:22,0
DA:27,0
DA:29,0
DA:31,0
DA:32,0
DA:33,0
DA:34,0
DA:36,0
DA:38,0
DA:41,0
DA:42,0
DA:43,0
DA:46,0
DA:50,0
DA:53,0
DA:54,0
DA:56,0
DA:57,0
DA:58,0
DA:59,0
DA:60,0
DA:65,0
DA:68,0
DA:69,0
DA:70,0
DA:71,0
DA:72,0
DA:73,0
DA:74,0
DA:77,0
DA:81,0
DA:84,0
DA:85,0
DA:86,0
DA:87,0
DA:89,0
DA:90,0
DA:91,0
DA:92,0
DA:93,0
DA:94,0
DA:96,0
DA:97,0
DA:100,0
DA:101,0
DA:102,0
DA:105,0
DA:107,0
DA:110,0
DA:114,0
DA:115,0
DA:116,0
DA:118,0
DA:121,0
DA:125,0
DA:128,0
DA:130,0
DA:131,0
DA:132,0
DA:134,0
DA:135,0
DA:136,0
DA:140,0
DA:141,0
DA:142,0
DA:143,0
DA:144,0
DA:146,0
DA:147,0
DA:148,0
DA:149,0
DA:150,0
DA:153,0
DA:155,0
DA:156,0
DA:157,0
DA:163,0
DA:166,0
DA:167,0
DA:168,0
DA:169,0
DA:173,0
DA:174,0
DA:175,0
DA:176,0
DA:177,0
DA:178,0
DA:179,0
DA:180,0
DA:183,0
DA:185,0
DA:186,0
DA:187,0
DA:192,0
DA:195,0
DA:196,0
DA:199,0
DA:203,0
DA:204,0
DA:205,0
DA:206,0
DA:207,0
DA:208,0
DA:209,0
DA:210,0
DA:211,0
DA:212,0
DA:214,0
DA:217,0
DA:218,0
DA:220,0
DA:224,0
DA:225,0
DA:227,0
DA:228,0
DA:230,0
DA:231,0
DA:234,0
DA:241,0
DA:244,0
DA:246,0
DA:249,0
DA:251,0
DA:252,0
DA:256,0
DA:257,0
DA:258,0
DA:261,0
DA:264,0
DA:265,0
DA:267,0
DA:269,0
DA:270,0
DA:271,0
DA:275,0
DA:276,0
DA:278,0
DA:279,0
DA:282,0
DA:283,0
DA:284,0
DA:287,0
DA:288,0
DA:293,0
DA:294,0
DA:295,0
DA:297,0
DA:300,0
DA:301,0
DA:302,0
DA:304,0
DA:305,0
DA:306,0
DA:307,0
DA:308,0
DA:310,0
DA:311,0
DA:312,0
DA:313,0
DA:317,0
DA:318,0
DA:319,0
DA:324,0
DA:325,0
DA:330,0
DA:331,0
DA:332,0
DA:333,0
DA:334,0
DA:336,0
DA:337,0
DA:338,0
DA:339,0
DA:340,0
DA:341,0
DA:342,0
DA:349,0
DA:350,0
DA:353,0
DA:358,0
DA:359,0
DA:360,0
DA:361,0
DA:362,0
DA:363,0
DA:364,0
DA:365,0
DA:366,0
DA:367,0
DA:368,0
DA:369,0
DA:372,0
DA:373,0
DA:374,0
DA:384,0
DA:385,0
DA:386,0
DA:387,0
DA:391,0
DA:397,0
DA:398,0
DA:399,0
DA:401,0
DA:402,0
DA:403,0
DA:404,0
DA:405,0
DA:406,0
DA:407,0
DA:408,0
DA:412,0
DA:413,0
DA:414,0
DA:424,0
DA:425,0
DA:426,0
DA:427,0
DA:431,0
DA:437,0
DA:438,0
DA:439,0
DA:445,0
DA:447,0
DA:448,0
DA:449,0
DA:451,0
DA:455,0
DA:456,0
DA:457,0
DA:459,0
DA:460,0
DA:463,0
DA:464,0
DA:465,0
DA:466,0
DA:469,0
DA:471,0
DA:474,0
DA:477,0
DA:478,0
DA:479,0
DA:480,0
DA:482,0
DA:483,0
DA:484,0
DA:488,0
DA:489,0
DA:490,0
DA:491,0
DA:495,0
DA:496,0
DA:497,0
DA:501,0
DA:503,0
DA:504,0
DA:505,0
DA:506,0
DA:507,0
DA:508,0
DA:509,0
DA:510,0
DA:511,0
DA:516,0
DA:517,0
DA:518,0
DA:519,0
DA:520,0
DA:521,0
DA:522,0
DA:523,0
DA:525,0
DA:526,0
DA:529,0
DA:530,0
DA:531,0
DA:532,0
DA:534,0
DA:538,0
DA:539,0
DA:540,0
DA:541,0
DA:542,0
DA:547,0
DA:548,0
DA:549,0
DA:551,0
DA:552,0
DA:555,0
DA:556,0
DA:559,0
DA:560,0
DA:561,0
DA:564,0
DA:565,0
DA:567,0
DA:568,0
DA:571,0
DA:572,0
DA:573,0
DA:574,0
DA:575,0
DA:576,0
DA:577,0
DA:578,0
DA:579,0
DA:583,0
DA:584,0
DA:585,0
DA:586,0
DA:587,0
DA:588,0
DA:591,0
DA:592,0
DA:593,0
DA:594,0
DA:595,0
DA:596,0
DA:597,0
DA:601,0
DA:604,0
DA:605,0
DA:606,0
DA:607,0
DA:609,0
DA:610,0
DA:611,0
DA:612,0
DA:613,0
DA:614,0
DA:616,0
DA:617,0
DA:621,0
DA:622,0
DA:623,0
DA:624,0
DA:625,0
DA:626,0
DA:627,0
DA:632,0
DA:633,0
DA:638,0
DA:639,0
DA:640,0
DA:641,0
DA:642,0
DA:649,0
DA:653,0
DA:654,0
DA:655,0
DA:656,0
DA:658,0
DA:659,0
DA:663,0
DA:664,0
DA:667,0
LF:358
LH:1
BRDA:23,1,0,0
BRDA:23,1,1,0
BRDA:24,2,0,0
BRDA:24,2,1,0
BRDA:24,3,0,0
BRDA:24,3,1,0
BRDA:24,4,0,0
BRDA:24,4,1,0
BRDA:25,5,0,0
BRDA:25,5,1,0
BRDA:25,6,0,0
BRDA:25,6,1,0
BRDA:29,7,0,0
BRDA:29,7,1,0
BRDA:32,8,0,0
BRDA:32,8,1,0
BRDA:57,9,0,0
BRDA:57,9,1,0
BRDA:58,10,0,0
BRDA:58,10,1,0
BRDA:71,11,0,0
BRDA:71,11,1,0
BRDA:73,12,0,0
BRDA:73,12,1,0
BRDA:93,13,0,0
BRDA:93,13,1,0
BRDA:96,14,0,0
BRDA:96,14,1,0
BRDA:100,15,0,0
BRDA:100,15,1,0
BRDA:102,16,0,0
BRDA:102,16,1,0
BRDA:102,17,0,0
BRDA:102,17,1,0
BRDA:102,17,2,0
BRDA:107,18,0,0
BRDA:107,18,1,0
BRDA:107,19,0,0
BRDA:107,19,1,0
BRDA:107,19,2,0
BRDA:114,20,0,0
BRDA:114,20,1,0
BRDA:131,21,0,0
BRDA:131,21,1,0
BRDA:135,22,0,0
BRDA:135,22,1,0
BRDA:149,23,0,0
BRDA:149,23,1,0
BRDA:156,24,0,0
BRDA:156,24,1,0
BRDA:168,25,0,0
BRDA:168,25,1,0
BRDA:179,26,0,0
BRDA:179,26,1,0
BRDA:186,27,0,0
BRDA:186,27,1,0
BRDA:205,28,0,0
BRDA:205,28,1,0
BRDA:208,29,0,0
BRDA:208,29,1,0
BRDA:209,30,0,0
BRDA:209,30,1,0
BRDA:209,31,0,0
BRDA:209,31,1,0
BRDA:211,32,0,0
BRDA:211,32,1,0
BRDA:227,33,0,0
BRDA:227,33,1,0
BRDA:227,34,0,0
BRDA:227,34,1,0
BRDA:230,35,0,0
BRDA:230,35,1,0
BRDA:230,36,0,0
BRDA:230,36,1,0
BRDA:251,37,0,0
BRDA:251,37,1,0
BRDA:257,38,0,0
BRDA:257,38,1,0
BRDA:270,39,0,0
BRDA:270,39,1,0
BRDA:275,40,0,0
BRDA:275,40,1,0
BRDA:287,41,0,0
BRDA:287,41,1,0
BRDA:294,42,0,0
BRDA:294,42,1,0
BRDA:307,43,0,0
BRDA:307,43,1,0
BRDA:311,44,0,0
BRDA:311,44,1,0
BRDA:317,45,0,0
BRDA:317,45,1,0
BRDA:340,46,0,0
BRDA:340,46,1,0
BRDA:359,47,0,0
BRDA:359,47,1,0
BRDA:363,48,0,0
BRDA:363,48,1,0
BRDA:367,49,0,0
BRDA:367,49,1,0
BRDA:372,50,0,0
BRDA:372,50,1,0
BRDA:384,51,0,0
BRDA:384,51,1,0
BRDA:384,52,0,0
BRDA:384,52,1,0
BRDA:386,53,0,0
BRDA:386,53,1,0
BRDA:401,54,0,0
BRDA:401,54,1,0
BRDA:403,55,0,0
BRDA:403,55,1,0
BRDA:406,56,0,0
BRDA:406,56,1,0
BRDA:412,57,0,0
BRDA:412,57,1,0
BRDA:424,58,0,0
BRDA:424,58,1,0
BRDA:424,59,0,0
BRDA:424,59,1,0
BRDA:426,60,0,0
BRDA:426,60,1,0
BRDA:448,61,0,0
BRDA:448,61,1,0
BRDA:456,62,0,0
BRDA:456,62,1,0
BRDA:459,63,0,0
BRDA:459,63,1,0
BRDA:463,64,0,0
BRDA:463,64,1,0
BRDA:465,65,0,0
BRDA:465,65,1,0
BRDA:478,66,0,0
BRDA:478,66,1,0
BRDA:478,67,0,0
BRDA:478,67,1,0
BRDA:479,68,0,0
BRDA:479,68,1,0
BRDA:483,69,0,0
BRDA:483,69,1,0
BRDA:490,70,0,0
BRDA:490,70,1,0
BRDA:504,71,0,0
BRDA:504,71,1,0
BRDA:504,72,0,0
BRDA:504,72,1,0
BRDA:522,73,0,0
BRDA:522,73,1,0
BRDA:529,74,0,0
BRDA:529,74,1,0
BRDA:531,75,0,0
BRDA:531,75,1,0
BRDA:531,76,0,0
BRDA:531,76,1,0
BRDA:548,77,0,0
BRDA:548,77,1,0
BRDA:549,78,0,0
BRDA:549,78,1,0
BRDA:572,79,0,0
BRDA:572,79,1,0
BRDA:593,80,0,0
BRDA:593,80,1,0
BRDA:596,81,0,0
BRDA:596,81,1,0
BRDA:609,82,0,0
BRDA:609,82,1,0
BRDA:609,83,0,0
BRDA:609,83,1,0
BRDA:609,83,2,0
BRDA:613,84,0,0
BRDA:613,84,1,0
BRDA:616,85,0,0
BRDA:616,85,1,0
BRDA:623,86,0,0
BRDA:623,86,1,0
BRDA:625,87,0,0
BRDA:625,87,1,0
BRDA:625,88,0,0
BRDA:625,88,1,0
BRDA:632,89,0,0
BRDA:632,89,1,0
BRDA:640,90,0,0
BRDA:640,90,1,0
BRDA:640,91,0,0
BRDA:640,91,1,0
BRDA:641,92,0,0
BRDA:641,92,1,0
BRDA:653,93,0,0
BRDA:653,93,1,0
BRDA:653,94,0,0
BRDA:653,94,1,0
BRF:191
BRH:0
end_of_record
TN:
SF:/Users/webmapps.r.l./Documents/webmapp-generator/bare/www/core/js/components/settings/settings.controller.js
FN:3,SettingsController
FN:26,(anonymous_2)
FN:30,(anonymous_3)
FN:35,(anonymous_4)
FN:44,(anonymous_5)
FN:51,(anonymous_6)
FN:75,(anonymous_7)
FN:79,(anonymous_8)
FN:83,(anonymous_9)
FN:89,(anonymous_10)
FN:99,(anonymous_11)
FN:105,(anonymous_12)
FNF:12
FNH:0
FNDA:0,SettingsController
FNDA:0,(anonymous_2)
FNDA:0,(anonymous_3)
FNDA:0,(anonymous_4)
FNDA:0,(anonymous_5)
FNDA:0,(anonymous_6)
FNDA:0,(anonymous_7)
FNDA:0,(anonymous_8)
FNDA:0,(anonymous_9)
FNDA:0,(anonymous_10)
FNDA:0,(anonymous_11)
FNDA:0,(anonymous_12)
DA:1,1
DA:14,0
DA:16,0
DA:18,0
DA:21,0
DA:22,0
DA:23,0
DA:25,0
DA:27,0
DA:30,0
DA:31,0
DA:32,0
DA:35,0
DA:36,0
DA:37,0
DA:38,0
DA:39,0
DA:40,0
DA:41,0
DA:44,0
DA:45,0
DA:47,0
DA:51,0
DA:52,0
DA:54,0
DA:57,0
DA:58,0
DA:59,0
DA:60,0
DA:61,0
DA:63,0
DA:64,0
DA:67,0
DA:70,0
DA:75,0
DA:76,0
DA:79,0
DA:80,0
DA:83,0
DA:84,0
DA:89,0
DA:90,0
DA:91,0
DA:92,0
DA:93,0
DA:98,0
DA:100,0
DA:104,0
DA:106,0
DA:107,0
DA:109,0
DA:111,0
DA:115,0
LF:53
LH:1
BRDA:45,1,0,0
BRDA:45,1,1,0
BRDA:45,2,0,0
BRDA:45,2,1,0
BRDA:61,3,0,0
BRDA:61,3,1,0
BRDA:63,4,0,0
BRDA:63,4,1,0
BRDA:76,5,0,0
BRDA:76,5,1,0
BRDA:90,6,0,0
BRDA:90,6,1,0
BRF:12
BRH:0
end_of_record
TN:
SF:/Users/webmapps.r.l./Documents/webmapp-generator/bare/www/core/js/components/taxonomy/taxonomy.controller.js
FN:3,TaxonomyController
FN:23,(anonymous_2)
FN:27,(anonymous_3)
FN:34,(anonymous_4)
FN:49,(anonymous_5)
FN:55,(anonymous_6)
FNF:6
FNH:0
FNDA:0,TaxonomyController
FNDA:0,(anonymous_2)
FNDA:0,(anonymous_3)
FNDA:0,(anonymous_4)
FNDA:0,(anonymous_5)
FNDA:0,(anonymous_6)
DA:1,1
DA:12,0
DA:14,0
DA:16,0
DA:17,0
DA:18,0
DA:19,0
DA:20,0
DA:21,0
DA:23,0
DA:24,0
DA:27,0
DA:28,0
DA:29,0
DA:30,0
DA:33,0
DA:35,0
DA:36,0
DA:37,0
DA:39,0
DA:40,0
DA:41,0
DA:44,0
DA:48,0
DA:50,0
DA:54,0
DA:56,0
DA:57,0
DA:59,0
DA:64,0
LF:30
LH:1
BRDA:17,1,0,0
BRDA:17,1,1,0
BRDA:18,2,0,0
BRDA:18,2,1,0
BRDA:18,3,0,0
BRDA:18,3,1,0
BRDA:36,4,0,0
BRDA:36,4,1,0
BRDA:39,5,0,0
BRDA:39,5,1,0
BRF:10
BRH:0
end_of_record
TN:
SF:/Users/webmapps.r.l./Documents/webmapp-generator/bare/www/core/js/components/webmapp/webmapp.controller.js
FN:3,WebmappController
FNF:1
FNH:0
FNDA:0,WebmappController
DA:1,1
DA:8,0
DA:10,0
DA:11,0
DA:12,0
DA:14,0
DA:15,0
DA:18,0
LF:8
LH:1
BRDA:12,1,0,0
BRDA:12,1,1,0
BRDA:14,2,0,0
BRDA:14,2,1,0
BRF:4
BRH:0
end_of_record
TN:
SF:/Users/webmapps.r.l./Documents/webmapp-generator/bare/www/core/js/components/welcome/welcome.controller.js
FN:3,WelcomeController
FN:49,(anonymous_2)
FN:56,(anonymous_3)
FNF:3
FNH:0
FNDA:0,WelcomeController
FNDA:0,(anonymous_2)
FNDA:0,(anonymous_3)
DA:1,1
DA:12,0
DA:30,0
DA:31,0
DA:32,0
DA:35,0
DA:36,0
DA:37,0
DA:38,0
DA:40,0
DA:41,0
DA:42,0
DA:49,0
DA:50,0
DA:51,0
DA:53,0
DA:56,0
DA:57,0
DA:60,0
LF:19
LH:1
BRDA:30,1,0,0
BRDA:30,1,1,0
BRF:2
BRH:0
end_of_record
